<!DOCTYPE html PUBLIC "-//W3C//DTD XHTML 1.1//EN" "https://www.w3.org/TR/xhtml11/DTD/xhtml11.dtd">
<html xmlns="https://www.w3.org/1999/xhtml">
<head>
<meta http-equiv="content-type" content="text/html; charset=UTF-8"/>
<title>TestNG Report</title>
<style type="text/css">table {margin-bottom:10px;border-collapse:collapse;empty-cells:show}th,td {border:1px solid #009;padding:.25em .5em}th {vertical-align:bottom}td {vertical-align:top}table a {font-weight:bold}.stripe td {background-color: #E6EBF9}.num {text-align:right}.passedodd td {background-color: #3F3}.passedeven td {background-color: #0A0}.skippedodd td {background-color: #DDD}.skippedeven td {background-color: #CCC}.failedodd td,.attn {background-color: #F33}.failedeven td,.stripe .attn {background-color: #D00}.stacktrace {white-space:pre;font-family:monospace}.totop {font-size:85%;text-align:center;border-bottom:2px solid #000}.invisible {display:none}</style>
</head>
<body>
<table>
<tr><th>Test</th><th># Passed</th><th># Skipped</th><th># Retried</th><th># Failed</th><th>Time (ms)</th><th>Included Groups</th><th>Excluded Groups</th></tr>
<tr><th colspan="8">Suite</th></tr>
<tr><td><a href="#t0">Test</a></td><td class="num">30</td><td class="num">0</td><td class="num">0</td><td class="num attn">8</td><td class="num">979,417</td><td></td><td></td></tr>
</table>
<table id='summary'><thead><tr><th>Class</th><th>Method</th><th>Start</th><th>Time (ms)</th></tr></thead><tbody><tr><th colspan="4">Suite</th></tr></tbody><tbody id="t0"><tr><th colspan="4">Test &#8212; failed (configuration methods)</th></tr><tr class="failedeven"><td rowspan="1">com.training.test.mysettings.MySettingsTest</td><td><a href="#m0">tearDown</a></td><td rowspan="1">1633918523233</td><td rowspan="1">13</td></tr><tr><th colspan="4">Test &#8212; failed</th></tr><tr class="failedeven"><td rowspan="3">com.training.test.accounts.AccountsTest</td><td><a href="#m1">createNewViewAccounts</a></td><td rowspan="1">1633918810863</td><td rowspan="1">4922</td></tr><tr class="failedeven"><td><a href="#m2">editViewLinkAccounts</a></td><td rowspan="1">1633918834993</td><td rowspan="1">6251</td></tr><tr class="failedeven"><td><a href="#m3">mergeAccounts</a></td><td rowspan="1">1633918864425</td><td rowspan="1">20298</td></tr><tr class="failedodd"><td rowspan="2">com.training.test.contacts.ContactsTest</td><td><a href="#m4">myContactsView</a></td><td rowspan="1">1633918271879</td><td rowspan="1">31785</td></tr><tr class="failedodd"><td><a href="#m5">recentlyCreatedContact</a></td><td rowspan="1">1633918322420</td><td rowspan="1">7554</td></tr><tr class="failedeven"><td rowspan="1">com.training.test.login.LoginTest</td><td><a href="#m6">loginWithValidCredentials</a></td><td rowspan="1">1633918452624</td><td rowspan="1">28311</td></tr><tr class="failedodd"><td rowspan="1">com.training.test.myprofile.MyProfileTest</td><td><a href="#m7">selectMyProfile</a></td><td rowspan="1">1633918557923</td><td rowspan="1">45261</td></tr><tr class="failedeven"><td rowspan="1">com.training.test.random.RandomTest</td><td><a href="#m8">customizeTabs</a></td><td rowspan="1">1633918668966</td><td rowspan="1">11977</td></tr><tr><th colspan="4">Test &#8212; passed</th></tr><tr class="passedeven"><td rowspan="2">com.training.test.accounts.AccountsTest</td><td><a href="#m9">createAccountReport</a></td><td rowspan="1">1633918755813</td><td rowspan="1">8757</td></tr><tr class="passedeven"><td><a href="#m10">createNewAccount</a></td><td rowspan="1">1633918779865</td><td rowspan="1">6707</td></tr><tr class="passedodd"><td rowspan="6">com.training.test.contacts.ContactsTest</td><td><a href="#m11">cancelCreateView</a></td><td rowspan="1">1633918172244</td><td rowspan="1">2364</td></tr><tr class="passedodd"><td><a href="#m12">checkErrorMessageInCreateView</a></td><td rowspan="1">1633918193760</td><td rowspan="1">2186</td></tr><tr class="passedodd"><td><a href="#m13">createNewContact</a></td><td rowspan="1">1633918216702</td><td rowspan="1">6528</td></tr><tr class="passedodd"><td><a href="#m14">createNewViewContacts</a></td><td rowspan="1">1633918250174</td><td rowspan="1">3847</td></tr><tr class="passedodd"><td><a href="#m15">saveAndCreateNewContact</a></td><td rowspan="1">1633918349236</td><td rowspan="1">2851</td></tr><tr class="passedodd"><td><a href="#m16">viewContact</a></td><td rowspan="1">1633918369036</td><td rowspan="1">15120</td></tr><tr class="passedeven"><td rowspan="1">com.training.test.developerconsole.DeveloperConsoleTest</td><td><a href="#m17">selectDeveloperConsole</a></td><td rowspan="1">1633918389079</td><td rowspan="1">11627</td></tr><tr class="passedodd"><td rowspan="2">com.training.test.home.HomeTest</td><td><a href="#m18">logoutFromApplication</a></td><td rowspan="1">1633918527185</td><td rowspan="1">13855</td></tr><tr class="passedodd"><td><a href="#m19">selectUserMenuDropDown</a></td><td rowspan="1">1633918545557</td><td rowspan="1">8562</td></tr><tr class="passedeven"><td rowspan="5">com.training.test.leads.LeadsTest</td><td><a href="#m20">createNewLeads</a></td><td rowspan="1">1633919017139</td><td rowspan="1">5745</td></tr><tr class="passedeven"><td><a href="#m21">goFunctionality</a></td><td rowspan="1">1633919042536</td><td rowspan="1">9665</td></tr><tr class="passedeven"><td><a href="#m22">leadsHomePage</a></td><td rowspan="1">1633919067497</td><td rowspan="1">32</td></tr><tr class="passedeven"><td><a href="#m23">selectViewDropDown</a></td><td rowspan="1">1633919101283</td><td rowspan="1">3068</td></tr><tr class="passedeven"><td><a href="#m24">todaysLeads</a></td><td rowspan="1">1633919124779</td><td rowspan="1">1784</td></tr><tr class="passedodd"><td rowspan="4">com.training.test.login.LoginTest</td><td><a href="#m25">checkRememberMe</a></td><td rowspan="1">1633918409030</td><td rowspan="1">12390</td></tr><tr class="passedodd"><td><a href="#m26">forgotPassword</a></td><td rowspan="1">1633918428983</td><td rowspan="1">1665</td></tr><tr class="passedodd"><td><a href="#m27">loginWithInvalidCredentials</a></td><td rowspan="1">1633918434468</td><td rowspan="1">2004</td></tr><tr class="passedodd"><td><a href="#m28">loginWithPartialCredentials</a></td><td rowspan="1">1633918443990</td><td rowspan="1">1406</td></tr><tr class="passedeven"><td rowspan="1">com.training.test.mysettings.MySettingsTest</td><td><a href="#m29">selectMySettings</a></td><td rowspan="1">1633918489191</td><td rowspan="1">34041</td></tr><tr class="passedodd"><td rowspan="5">com.training.test.opportunities.OpportunitiesTest</td><td><a href="#m30">createOpportunity</a></td><td rowspan="1">1633918900203</td><td rowspan="1">7319</td></tr><tr class="passedodd"><td><a href="#m31">opportunitiesDropDown</a></td><td rowspan="1">1633918924552</td><td rowspan="1">360</td></tr><tr class="passedodd"><td><a href="#m32">pipelineReport</a></td><td rowspan="1">1633918941044</td><td rowspan="1">2356</td></tr><tr class="passedodd"><td><a href="#m33">quarterlySummaryReport</a></td><td rowspan="1">1633918973509</td><td rowspan="1">1424</td></tr><tr class="passedodd"><td><a href="#m34">stuckOpportunities</a></td><td rowspan="1">1633918996163</td><td rowspan="1">4033</td></tr><tr class="passedeven"><td rowspan="4">com.training.test.random.RandomTest</td><td><a href="#m35">blockEventInCalendar</a></td><td rowspan="1">1633918612012</td><td rowspan="1">14349</td></tr><tr class="passedeven"><td><a href="#m36">bookRecurranceEvent</a></td><td rowspan="1">1633918636620</td><td rowspan="1">23137</td></tr><tr class="passedeven"><td><a href="#m37">verifyFirstAndLastName</a></td><td rowspan="1">1633918695387</td><td rowspan="1">14389</td></tr><tr class="passedeven"><td><a href="#m38">verifyLastNameUpdate</a></td><td rowspan="1">1633918723862</td><td rowspan="1">12001</td></tr></tbody>
</table>
<h2>Test</h2><h3 id="m0">com.training.test.mysettings.MySettingsTest#tearDown</h3><table class="result"><tr><th>Exception</th></tr><tr><td><div class="stacktrace">org.openqa.selenium.NoSuchWindowException: no such window: target window already closed
from unknown error: web view not found
  (Session info: chrome=94.0.4606.81)
Build info: version: &apos;3.141.59&apos;, revision: &apos;e82be7d358&apos;, time: &apos;2018-11-14T08:17:03&apos;
System info: host: &apos;MEENAS-LENOVO&apos;, ip: &apos;192.168.0.28&apos;, os.name: &apos;Windows 10&apos;, os.arch: &apos;amd64&apos;, os.version: &apos;10.0&apos;, java.version: &apos;1.8.0_131&apos;
Driver info: org.openqa.selenium.chrome.ChromeDriver
Capabilities {acceptInsecureCerts: false, browserName: chrome, browserVersion: 94.0.4606.81, chrome: {chromedriverVersion: 94.0.4606.61 (418b78f5838ed..., userDataDir: C:\Users\meena\AppData\Loca...}, goog:chromeOptions: {debuggerAddress: localhost:51473}, javascriptEnabled: true, networkConnectionEnabled: false, pageLoadStrategy: normal, platform: WINDOWS, platformName: WINDOWS, proxy: Proxy(), setWindowRect: true, strictFileInteractability: false, timeouts: {implicit: 0, pageLoad: 300000, script: 30000}, unhandledPromptBehavior: dismiss and notify, webauthn:extension:credBlob: true, webauthn:extension:largeBlob: true, webauthn:virtualAuthenticators: true}
Session ID: f599240995ea7f3d24a50e3d191bcf82
	at org.openqa.selenium.remote.http.W3CHttpResponseCodec.createException(W3CHttpResponseCodec.java:187)
	at org.openqa.selenium.remote.http.W3CHttpResponseCodec.decode(W3CHttpResponseCodec.java:122)
	at org.openqa.selenium.remote.http.W3CHttpResponseCodec.decode(W3CHttpResponseCodec.java:49)
	at org.openqa.selenium.remote.HttpCommandExecutor.execute(HttpCommandExecutor.java:158)
	at org.openqa.selenium.remote.service.DriverCommandExecutor.execute(DriverCommandExecutor.java:83)
	at org.openqa.selenium.remote.RemoteWebDriver.execute(RemoteWebDriver.java:552)
	at org.openqa.selenium.remote.RemoteWebDriver.execute(RemoteWebDriver.java:609)
	at org.openqa.selenium.remote.RemoteWebDriver.close(RemoteWebDriver.java:442)
	at com.training.test.mysettings.MySettingsTest.tearDown(MySettingsTest.java:133)
	at java.util.ArrayList.forEach(ArrayList.java:1249)
... Removed 36 stack frames</div></td></tr></table><p class="totop"><a href="#summary">back to summary</a></p>
<h3 id="m1">com.training.test.accounts.AccountsTest#createNewViewAccounts</h3><table class="result"><tr><th>Exception</th></tr><tr><td><div class="stacktrace">java.lang.AssertionError: expected [true] but found [false]
	at com.training.test.accounts.AccountsTest.createNewViewAccounts(AccountsTest.java:69)
	at java.util.ArrayList.forEach(ArrayList.java:1249)
... Removed 31 stack frames</div></td></tr></table><p class="totop"><a href="#summary">back to summary</a></p>
<h3 id="m2">com.training.test.accounts.AccountsTest#editViewLinkAccounts</h3><table class="result"><tr><th>Exception</th></tr><tr><td><div class="stacktrace">java.lang.AssertionError: expected [true] but found [false]
	at com.training.test.accounts.AccountsTest.editViewLinkAccounts(AccountsTest.java:92)
	at java.util.ArrayList.forEach(ArrayList.java:1249)
... Removed 31 stack frames</div></td></tr></table><p class="totop"><a href="#summary">back to summary</a></p>
<h3 id="m3">com.training.test.accounts.AccountsTest#mergeAccounts</h3><table class="result"><tr><th>Exception</th></tr><tr><td><div class="stacktrace">java.lang.AssertionError: expected [true] but found [false]
	at com.training.test.accounts.AccountsTest.mergeAccounts(AccountsTest.java:131)
	at java.util.ArrayList.forEach(ArrayList.java:1249)
... Removed 31 stack frames</div></td></tr></table><p class="totop"><a href="#summary">back to summary</a></p>
<h3 id="m4">com.training.test.contacts.ContactsTest#myContactsView</h3><table class="result"><tr><th>Exception</th></tr><tr><td><div class="stacktrace">org.openqa.selenium.TimeoutException: Expected condition failed: waiting for element to be clickable: Proxy element for: DefaultElementLocator &apos;By.xpath: //input[@name=&apos;go&apos;]&apos; (tried for 30 second(s) with 500 milliseconds interval)
	at org.openqa.selenium.support.ui.WebDriverWait.timeoutException(WebDriverWait.java:95)
	at org.openqa.selenium.support.ui.FluentWait.until(FluentWait.java:272)
	at com.training.base.BaseTest.waitForClick(BaseTest.java:42)
	at com.training.base.BaseTest.clickButton(BaseTest.java:76)
	at com.training.test.contacts.ContactsTest.myContactsView(ContactsTest.java:89)
	at java.util.ArrayList.forEach(ArrayList.java:1249)
Caused by: org.openqa.selenium.NoSuchElementException: no such element: Unable to locate element: {&quot;method&quot;:&quot;xpath&quot;,&quot;selector&quot;:&quot;//input[@name=&apos;go&apos;]&quot;}
  (Session info: chrome=94.0.4606.81)
For documentation on this error, please visit: https://www.seleniumhq.org/exceptions/no_such_element.html
Build info: version: &apos;3.141.59&apos;, revision: &apos;e82be7d358&apos;, time: &apos;2018-11-14T08:17:03&apos;
System info: host: &apos;MEENAS-LENOVO&apos;, ip: &apos;192.168.0.28&apos;, os.name: &apos;Windows 10&apos;, os.arch: &apos;amd64&apos;, os.version: &apos;10.0&apos;, java.version: &apos;1.8.0_131&apos;
Driver info: org.openqa.selenium.chrome.ChromeDriver
Capabilities {acceptInsecureCerts: false, browserName: chrome, browserVersion: 94.0.4606.81, chrome: {chromedriverVersion: 94.0.4606.61 (418b78f5838ed..., userDataDir: C:\Users\meena\AppData\Loca...}, goog:chromeOptions: {debuggerAddress: localhost:53822}, javascriptEnabled: true, networkConnectionEnabled: false, pageLoadStrategy: normal, platform: WINDOWS, platformName: WINDOWS, proxy: Proxy(), setWindowRect: true, strictFileInteractability: false, timeouts: {implicit: 0, pageLoad: 300000, script: 30000}, unhandledPromptBehavior: dismiss and notify, webauthn:extension:credBlob: true, webauthn:extension:largeBlob: true, webauthn:virtualAuthenticators: true}
Session ID: c685a89eafdf3562f5b3df02b87060b7
*** Element info: {Using=xpath, value=//input[@name=&apos;go&apos;]}
	at org.openqa.selenium.remote.http.W3CHttpResponseCodec.createException(W3CHttpResponseCodec.java:187)
	at org.openqa.selenium.remote.http.W3CHttpResponseCodec.decode(W3CHttpResponseCodec.java:122)
	at org.openqa.selenium.remote.http.W3CHttpResponseCodec.decode(W3CHttpResponseCodec.java:49)
	at org.openqa.selenium.remote.HttpCommandExecutor.execute(HttpCommandExecutor.java:158)
	at org.openqa.selenium.remote.service.DriverCommandExecutor.execute(DriverCommandExecutor.java:83)
	at org.openqa.selenium.remote.RemoteWebDriver.execute(RemoteWebDriver.java:552)
	at org.openqa.selenium.remote.RemoteWebDriver.findElement(RemoteWebDriver.java:323)
	at org.openqa.selenium.remote.RemoteWebDriver.findElementByXPath(RemoteWebDriver.java:428)
	at org.openqa.selenium.By$ByXPath.findElement(By.java:353)
	at org.openqa.selenium.remote.RemoteWebDriver.findElement(RemoteWebDriver.java:315)
	at org.openqa.selenium.support.pagefactory.DefaultElementLocator.findElement(DefaultElementLocator.java:69)
	at org.openqa.selenium.support.pagefactory.internal.LocatingElementHandler.invoke(LocatingElementHandler.java:38)
	at com.sun.proxy.$Proxy9.isDisplayed(Unknown Source)
	at org.openqa.selenium.support.ui.ExpectedConditions.elementIfVisible(ExpectedConditions.java:314)
	at org.openqa.selenium.support.ui.ExpectedConditions.access$000(ExpectedConditions.java:43)
	at org.openqa.selenium.support.ui.ExpectedConditions$10.apply(ExpectedConditions.java:300)
	at org.openqa.selenium.support.ui.ExpectedConditions$10.apply(ExpectedConditions.java:297)
	at org.openqa.selenium.support.ui.ExpectedConditions$23.apply(ExpectedConditions.java:670)
	at org.openqa.selenium.support.ui.ExpectedConditions$23.apply(ExpectedConditions.java:666)
	at org.openqa.selenium.support.ui.FluentWait.until(FluentWait.java:249)
	... 31 more
... Removed 30 stack frames</div></td></tr></table><p class="totop"><a href="#summary">back to summary</a></p>
<h3 id="m5">com.training.test.contacts.ContactsTest#recentlyCreatedContact</h3><table class="result"><tr><th>Exception</th></tr><tr><td><div class="stacktrace">java.lang.AssertionError: expected [true] but found [false]
	at com.training.test.contacts.ContactsTest.recentlyCreatedContact(ContactsTest.java:82)
	at java.util.ArrayList.forEach(ArrayList.java:1249)
... Removed 31 stack frames</div></td></tr></table><p class="totop"><a href="#summary">back to summary</a></p>
<h3 id="m6">com.training.test.login.LoginTest#loginWithValidCredentials</h3><table class="result"><tr><th>Exception</th></tr><tr><td><div class="stacktrace">org.openqa.selenium.TimeoutException: Expected condition failed: waiting for invisibility of Proxy element for: DefaultElementLocator &apos;By.xpath: //input[@id=&apos;Login&apos;]&apos; (tried for 20 second(s) with 500 milliseconds interval)
	at org.openqa.selenium.support.ui.WebDriverWait.timeoutException(WebDriverWait.java:95)
	at org.openqa.selenium.support.ui.FluentWait.until(FluentWait.java:272)
	at com.training.base.BaseTest.waitForElementToDisappear(BaseTest.java:52)
	at com.training.test.login.LoginTest.loginWithValidCredentials(LoginTest.java:44)
	at java.util.ArrayList.forEach(ArrayList.java:1249)
Caused by: org.openqa.selenium.NoSuchElementException: no such element: Unable to locate element: {&quot;method&quot;:&quot;xpath&quot;,&quot;selector&quot;:&quot;//input[@id=&apos;Login&apos;]&quot;}
  (Session info: chrome=94.0.4606.81)
For documentation on this error, please visit: https://www.seleniumhq.org/exceptions/no_such_element.html
Build info: version: &apos;3.141.59&apos;, revision: &apos;e82be7d358&apos;, time: &apos;2018-11-14T08:17:03&apos;
System info: host: &apos;MEENAS-LENOVO&apos;, ip: &apos;192.168.0.28&apos;, os.name: &apos;Windows 10&apos;, os.arch: &apos;amd64&apos;, os.version: &apos;10.0&apos;, java.version: &apos;1.8.0_131&apos;
Driver info: org.openqa.selenium.chrome.ChromeDriver
Capabilities {acceptInsecureCerts: false, browserName: chrome, browserVersion: 94.0.4606.81, chrome: {chromedriverVersion: 94.0.4606.61 (418b78f5838ed..., userDataDir: C:\Users\meena\AppData\Loca...}, goog:chromeOptions: {debuggerAddress: localhost:56520}, javascriptEnabled: true, networkConnectionEnabled: false, pageLoadStrategy: normal, platform: WINDOWS, platformName: WINDOWS, proxy: Proxy(), setWindowRect: true, strictFileInteractability: false, timeouts: {implicit: 0, pageLoad: 300000, script: 30000}, unhandledPromptBehavior: dismiss and notify, webauthn:extension:credBlob: true, webauthn:extension:largeBlob: true, webauthn:virtualAuthenticators: true}
Session ID: 6765fa68b79df941937be452f5ef77cf
*** Element info: {Using=xpath, value=//input[@id=&apos;Login&apos;]}
	at org.openqa.selenium.remote.http.W3CHttpResponseCodec.createException(W3CHttpResponseCodec.java:187)
	at org.openqa.selenium.remote.http.W3CHttpResponseCodec.decode(W3CHttpResponseCodec.java:122)
	at org.openqa.selenium.remote.http.W3CHttpResponseCodec.decode(W3CHttpResponseCodec.java:49)
	at org.openqa.selenium.remote.HttpCommandExecutor.execute(HttpCommandExecutor.java:158)
	at org.openqa.selenium.remote.service.DriverCommandExecutor.execute(DriverCommandExecutor.java:83)
	at org.openqa.selenium.remote.RemoteWebDriver.execute(RemoteWebDriver.java:552)
	at org.openqa.selenium.remote.RemoteWebDriver.findElement(RemoteWebDriver.java:323)
	at org.openqa.selenium.remote.RemoteWebDriver.findElementByXPath(RemoteWebDriver.java:428)
	at org.openqa.selenium.By$ByXPath.findElement(By.java:353)
	at org.openqa.selenium.remote.RemoteWebDriver.findElement(RemoteWebDriver.java:315)
	at org.openqa.selenium.support.pagefactory.DefaultElementLocator.findElement(DefaultElementLocator.java:69)
	at org.openqa.selenium.support.pagefactory.internal.LocatingElementHandler.invoke(LocatingElementHandler.java:38)
	at com.sun.proxy.$Proxy9.isDisplayed(Unknown Source)
	at org.openqa.selenium.support.ui.ExpectedConditions.isInvisible(ExpectedConditions.java:1348)
	at org.openqa.selenium.support.ui.ExpectedConditions.access$200(ExpectedConditions.java:43)
	at org.openqa.selenium.support.ui.ExpectedConditions$46.apply(ExpectedConditions.java:1336)
	at org.openqa.selenium.support.ui.ExpectedConditions$46.apply(ExpectedConditions.java:1332)
	at org.openqa.selenium.support.ui.FluentWait.until(FluentWait.java:249)
	... 30 more
... Removed 30 stack frames</div></td></tr></table><p class="totop"><a href="#summary">back to summary</a></p>
<h3 id="m7">com.training.test.myprofile.MyProfileTest#selectMyProfile</h3><table class="result"><tr><th>Exception</th></tr><tr><td><div class="stacktrace">org.openqa.selenium.TimeoutException: Expected condition failed: waiting for element to be clickable: [[ChromeDriver: chrome on WINDOWS (a492c2829c1d59940b151e9c390ffb22)] -&gt; xpath: //a[contains(text(),&apos;Upload&apos;)]] (tried for 30 second(s) with 500 milliseconds interval)
Build info: version: &apos;3.141.59&apos;, revision: &apos;e82be7d358&apos;, time: &apos;2018-11-14T08:17:03&apos;
System info: host: &apos;MEENAS-LENOVO&apos;, ip: &apos;192.168.0.28&apos;, os.name: &apos;Windows 10&apos;, os.arch: &apos;amd64&apos;, os.version: &apos;10.0&apos;, java.version: &apos;1.8.0_131&apos;
Driver info: org.openqa.selenium.chrome.ChromeDriver
Capabilities {acceptInsecureCerts: false, browserName: chrome, browserVersion: 94.0.4606.81, chrome: {chromedriverVersion: 94.0.4606.61 (418b78f5838ed..., userDataDir: C:\Users\meena\AppData\Loca...}, goog:chromeOptions: {debuggerAddress: localhost:56182}, javascriptEnabled: true, networkConnectionEnabled: false, pageLoadStrategy: normal, platform: WINDOWS, platformName: WINDOWS, proxy: Proxy(), setWindowRect: true, strictFileInteractability: false, timeouts: {implicit: 0, pageLoad: 300000, script: 30000}, unhandledPromptBehavior: dismiss and notify, webauthn:extension:credBlob: true, webauthn:extension:largeBlob: true, webauthn:virtualAuthenticators: true}
Session ID: a492c2829c1d59940b151e9c390ffb22
	at org.openqa.selenium.support.ui.WebDriverWait.timeoutException(WebDriverWait.java:95)
	at org.openqa.selenium.support.ui.FluentWait.until(FluentWait.java:272)
	at com.training.base.BaseTest.waitForClick(BaseTest.java:42)
	at com.training.base.BaseTest.clickButton(BaseTest.java:76)
	at com.training.test.myprofile.MyProfileTest.selectMyProfile(MyProfileTest.java:71)
	at java.util.ArrayList.forEach(ArrayList.java:1249)
... Removed 27 stack frames</div></td></tr></table><p class="totop"><a href="#summary">back to summary</a></p>
<h3 id="m8">com.training.test.random.RandomTest#customizeTabs</h3><table class="result"><tr><th>Exception</th></tr><tr><td><div class="stacktrace">java.lang.AssertionError: expected [false] but found [true]
	at com.training.test.random.RandomTest.customizeTabs(RandomTest.java:101)
	at java.util.ArrayList.forEach(ArrayList.java:1249)
... Removed 31 stack frames</div></td></tr></table><p class="totop"><a href="#summary">back to summary</a></p>
<h3 id="m9">com.training.test.accounts.AccountsTest#createAccountReport</h3><table class="result"><tr><th class="invisible"/></tr></table><p class="totop"><a href="#summary">back to summary</a></p>
<h3 id="m10">com.training.test.accounts.AccountsTest#createNewAccount</h3><table class="result"><tr><th class="invisible"/></tr></table><p class="totop"><a href="#summary">back to summary</a></p>
<h3 id="m11">com.training.test.contacts.ContactsTest#cancelCreateView</h3><table class="result"><tr><th class="invisible"/></tr></table><p class="totop"><a href="#summary">back to summary</a></p>
<h3 id="m12">com.training.test.contacts.ContactsTest#checkErrorMessageInCreateView</h3><table class="result"><tr><th class="invisible"/></tr></table><p class="totop"><a href="#summary">back to summary</a></p>
<h3 id="m13">com.training.test.contacts.ContactsTest#createNewContact</h3><table class="result"><tr><th class="invisible"/></tr></table><p class="totop"><a href="#summary">back to summary</a></p>
<h3 id="m14">com.training.test.contacts.ContactsTest#createNewViewContacts</h3><table class="result"><tr><th class="invisible"/></tr></table><p class="totop"><a href="#summary">back to summary</a></p>
<h3 id="m15">com.training.test.contacts.ContactsTest#saveAndCreateNewContact</h3><table class="result"><tr><th class="invisible"/></tr></table><p class="totop"><a href="#summary">back to summary</a></p>
<h3 id="m16">com.training.test.contacts.ContactsTest#viewContact</h3><table class="result"><tr><th class="invisible"/></tr></table><p class="totop"><a href="#summary">back to summary</a></p>
<h3 id="m17">com.training.test.developerconsole.DeveloperConsoleTest#selectDeveloperConsole</h3><table class="result"><tr><th class="invisible"/></tr></table><p class="totop"><a href="#summary">back to summary</a></p>
<h3 id="m18">com.training.test.home.HomeTest#logoutFromApplication</h3><table class="result"><tr><th class="invisible"/></tr></table><p class="totop"><a href="#summary">back to summary</a></p>
<h3 id="m19">com.training.test.home.HomeTest#selectUserMenuDropDown</h3><table class="result"><tr><th class="invisible"/></tr></table><p class="totop"><a href="#summary">back to summary</a></p>
<h3 id="m20">com.training.test.leads.LeadsTest#createNewLeads</h3><table class="result"><tr><th class="invisible"/></tr></table><p class="totop"><a href="#summary">back to summary</a></p>
<h3 id="m21">com.training.test.leads.LeadsTest#goFunctionality</h3><table class="result"><tr><th class="invisible"/></tr></table><p class="totop"><a href="#summary">back to summary</a></p>
<h3 id="m22">com.training.test.leads.LeadsTest#leadsHomePage</h3><table class="result"><tr><th class="invisible"/></tr></table><p class="totop"><a href="#summary">back to summary</a></p>
<h3 id="m23">com.training.test.leads.LeadsTest#selectViewDropDown</h3><table class="result"><tr><th class="invisible"/></tr></table><p class="totop"><a href="#summary">back to summary</a></p>
<h3 id="m24">com.training.test.leads.LeadsTest#todaysLeads</h3><table class="result"><tr><th class="invisible"/></tr></table><p class="totop"><a href="#summary">back to summary</a></p>
<h3 id="m25">com.training.test.login.LoginTest#checkRememberMe</h3><table class="result"><tr><th class="invisible"/></tr></table><p class="totop"><a href="#summary">back to summary</a></p>
<h3 id="m26">com.training.test.login.LoginTest#forgotPassword</h3><table class="result"><tr><th class="invisible"/></tr></table><p class="totop"><a href="#summary">back to summary</a></p>
<h3 id="m27">com.training.test.login.LoginTest#loginWithInvalidCredentials</h3><table class="result"><tr><th class="invisible"/></tr></table><p class="totop"><a href="#summary">back to summary</a></p>
<h3 id="m28">com.training.test.login.LoginTest#loginWithPartialCredentials</h3><table class="result"><tr><th class="invisible"/></tr></table><p class="totop"><a href="#summary">back to summary</a></p>
<h3 id="m29">com.training.test.mysettings.MySettingsTest#selectMySettings</h3><table class="result"><tr><th class="invisible"/></tr></table><p class="totop"><a href="#summary">back to summary</a></p>
<h3 id="m30">com.training.test.opportunities.OpportunitiesTest#createOpportunity</h3><table class="result"><tr><th class="invisible"/></tr></table><p class="totop"><a href="#summary">back to summary</a></p>
<h3 id="m31">com.training.test.opportunities.OpportunitiesTest#opportunitiesDropDown</h3><table class="result"><tr><th class="invisible"/></tr></table><p class="totop"><a href="#summary">back to summary</a></p>
<h3 id="m32">com.training.test.opportunities.OpportunitiesTest#pipelineReport</h3><table class="result"><tr><th class="invisible"/></tr></table><p class="totop"><a href="#summary">back to summary</a></p>
<h3 id="m33">com.training.test.opportunities.OpportunitiesTest#quarterlySummaryReport</h3><table class="result"><tr><th class="invisible"/></tr></table><p class="totop"><a href="#summary">back to summary</a></p>
<h3 id="m34">com.training.test.opportunities.OpportunitiesTest#stuckOpportunities</h3><table class="result"><tr><th class="invisible"/></tr></table><p class="totop"><a href="#summary">back to summary</a></p>
<h3 id="m35">com.training.test.random.RandomTest#blockEventInCalendar</h3><table class="result"><tr><th class="invisible"/></tr></table><p class="totop"><a href="#summary">back to summary</a></p>
<h3 id="m36">com.training.test.random.RandomTest#bookRecurranceEvent</h3><table class="result"><tr><th class="invisible"/></tr></table><p class="totop"><a href="#summary">back to summary</a></p>
<h3 id="m37">com.training.test.random.RandomTest#verifyFirstAndLastName</h3><table class="result"><tr><th class="invisible"/></tr></table><p class="totop"><a href="#summary">back to summary</a></p>
<h3 id="m38">com.training.test.random.RandomTest#verifyLastNameUpdate</h3><table class="result"><tr><th class="invisible"/></tr></table><p class="totop"><a href="#summary">back to summary</a></p>
</body>
</html>
