<?xml version="1.0" encoding="UTF-8"?>
<testng-results skipped="0" failed="8" ignored="0" total="38" passed="30">
  <reporter-output>
  </reporter-output>
  <suite name="Suite" duration-ms="979417" started-at="2021-10-10T19:09:08 PDT" finished-at="2021-10-10T19:25:27 PDT">
    <groups>
    </groups>
    <test name="Test" duration-ms="979417" started-at="2021-10-10T19:09:08 PDT" finished-at="2021-10-10T19:25:27 PDT">
      <class name="com.training.test.home.HomeTest">
        <test-method status="PASS" signature="beforeMethod()[pri:0, instance:com.training.test.home.HomeTest@74a10858]" name="beforeMethod" is-config="true" duration-ms="3935" started-at="2021-10-10T19:15:23 PDT" finished-at="2021-10-10T19:15:27 PDT">
          <reporter-output>
          </reporter-output>
        </test-method> <!-- beforeMethod -->
        <test-method status="PASS" signature="logoutFromApplication()[pri:0, instance:com.training.test.home.HomeTest@74a10858]" name="logoutFromApplication" duration-ms="13855" started-at="2021-10-10T19:15:27 PDT" finished-at="2021-10-10T19:15:41 PDT">
          <reporter-output>
          </reporter-output>
        </test-method> <!-- logoutFromApplication -->
        <test-method status="PASS" signature="tearDown()[pri:0, instance:com.training.test.home.HomeTest@74a10858]" name="tearDown" is-config="true" duration-ms="98" started-at="2021-10-10T19:15:41 PDT" finished-at="2021-10-10T19:15:41 PDT">
          <reporter-output>
          </reporter-output>
        </test-method> <!-- tearDown -->
        <test-method status="PASS" signature="beforeMethod()[pri:0, instance:com.training.test.home.HomeTest@74a10858]" name="beforeMethod" is-config="true" duration-ms="4418" started-at="2021-10-10T19:15:41 PDT" finished-at="2021-10-10T19:15:45 PDT">
          <reporter-output>
          </reporter-output>
        </test-method> <!-- beforeMethod -->
        <test-method status="PASS" signature="selectUserMenuDropDown()[pri:0, instance:com.training.test.home.HomeTest@74a10858]" name="selectUserMenuDropDown" duration-ms="8562" started-at="2021-10-10T19:15:45 PDT" finished-at="2021-10-10T19:15:54 PDT">
          <reporter-output>
          </reporter-output>
        </test-method> <!-- selectUserMenuDropDown -->
        <test-method status="PASS" signature="tearDown()[pri:0, instance:com.training.test.home.HomeTest@74a10858]" name="tearDown" is-config="true" duration-ms="234" started-at="2021-10-10T19:15:54 PDT" finished-at="2021-10-10T19:15:54 PDT">
          <reporter-output>
          </reporter-output>
        </test-method> <!-- tearDown -->
      </class> <!-- com.training.test.home.HomeTest -->
      <class name="com.training.test.random.RandomTest">
        <test-method status="PASS" signature="beforeMethod()[pri:0, instance:com.training.test.random.RandomTest@28ac3dc3]" name="beforeMethod" is-config="true" duration-ms="8600" started-at="2021-10-10T19:16:43 PDT" finished-at="2021-10-10T19:16:52 PDT">
          <reporter-output>
          </reporter-output>
        </test-method> <!-- beforeMethod -->
        <test-method status="PASS" signature="blockEventInCalendar()[pri:0, instance:com.training.test.random.RandomTest@28ac3dc3]" name="blockEventInCalendar" duration-ms="14349" started-at="2021-10-10T19:16:52 PDT" finished-at="2021-10-10T19:17:06 PDT">
          <reporter-output>
          </reporter-output>
        </test-method> <!-- blockEventInCalendar -->
        <test-method status="PASS" signature="tearDown()[pri:0, instance:com.training.test.random.RandomTest@28ac3dc3]" name="tearDown" is-config="true" duration-ms="1178" started-at="2021-10-10T19:17:06 PDT" finished-at="2021-10-10T19:17:07 PDT">
          <reporter-output>
          </reporter-output>
        </test-method> <!-- tearDown -->
        <test-method status="PASS" signature="beforeMethod()[pri:0, instance:com.training.test.random.RandomTest@28ac3dc3]" name="beforeMethod" is-config="true" duration-ms="9080" started-at="2021-10-10T19:17:07 PDT" finished-at="2021-10-10T19:17:16 PDT">
          <reporter-output>
          </reporter-output>
        </test-method> <!-- beforeMethod -->
        <test-method status="PASS" signature="bookRecurranceEvent()[pri:0, instance:com.training.test.random.RandomTest@28ac3dc3]" name="bookRecurranceEvent" duration-ms="23137" started-at="2021-10-10T19:17:16 PDT" finished-at="2021-10-10T19:17:39 PDT">
          <reporter-output>
          </reporter-output>
        </test-method> <!-- bookRecurranceEvent -->
        <test-method status="PASS" signature="tearDown()[pri:0, instance:com.training.test.random.RandomTest@28ac3dc3]" name="tearDown" is-config="true" duration-ms="1041" started-at="2021-10-10T19:17:39 PDT" finished-at="2021-10-10T19:17:40 PDT">
          <reporter-output>
          </reporter-output>
        </test-method> <!-- tearDown -->
        <test-method status="PASS" signature="beforeMethod()[pri:0, instance:com.training.test.random.RandomTest@28ac3dc3]" name="beforeMethod" is-config="true" duration-ms="8166" started-at="2021-10-10T19:17:40 PDT" finished-at="2021-10-10T19:17:48 PDT">
          <reporter-output>
          </reporter-output>
        </test-method> <!-- beforeMethod -->
        <test-method status="FAIL" signature="customizeTabs()[pri:0, instance:com.training.test.random.RandomTest@28ac3dc3]" name="customizeTabs" duration-ms="11977" started-at="2021-10-10T19:17:48 PDT" finished-at="2021-10-10T19:18:00 PDT">
          <exception class="java.lang.AssertionError">
            <message>
              <![CDATA[expected [false] but found [true]]]>
            </message>
            <full-stacktrace>
              <![CDATA[java.lang.AssertionError: expected [false] but found [true]
at org.testng.Assert.fail(Assert.java:99)
at org.testng.Assert.failNotEquals(Assert.java:1037)
at org.testng.Assert.assertFalse(Assert.java:67)
at org.testng.Assert.assertFalse(Assert.java:77)
at com.training.test.random.RandomTest.customizeTabs(RandomTest.java:101)
at sun.reflect.NativeMethodAccessorImpl.invoke0(Native Method)
at sun.reflect.NativeMethodAccessorImpl.invoke(NativeMethodAccessorImpl.java:62)
at sun.reflect.DelegatingMethodAccessorImpl.invoke(DelegatingMethodAccessorImpl.java:43)
at java.lang.reflect.Method.invoke(Method.java:498)
at org.testng.internal.MethodInvocationHelper.invokeMethod(MethodInvocationHelper.java:133)
at org.testng.internal.TestInvoker.invokeMethod(TestInvoker.java:598)
at org.testng.internal.TestInvoker.invokeTestMethod(TestInvoker.java:173)
at org.testng.internal.MethodRunner.runInSequence(MethodRunner.java:46)
at org.testng.internal.TestInvoker$MethodInvocationAgent.invoke(TestInvoker.java:824)
at org.testng.internal.TestInvoker.invokeTestMethods(TestInvoker.java:146)
at org.testng.internal.TestMethodWorker.invokeTestMethods(TestMethodWorker.java:146)
at org.testng.internal.TestMethodWorker.run(TestMethodWorker.java:128)
at java.util.ArrayList.forEach(ArrayList.java:1249)
at org.testng.TestRunner.privateRun(TestRunner.java:794)
at org.testng.TestRunner.run(TestRunner.java:596)
at org.testng.SuiteRunner.runTest(SuiteRunner.java:377)
at org.testng.SuiteRunner.runSequentially(SuiteRunner.java:371)
at org.testng.SuiteRunner.privateRun(SuiteRunner.java:332)
at org.testng.SuiteRunner.run(SuiteRunner.java:276)
at org.testng.SuiteRunnerWorker.runSuite(SuiteRunnerWorker.java:53)
at org.testng.SuiteRunnerWorker.run(SuiteRunnerWorker.java:96)
at org.testng.TestNG.runSuitesSequentially(TestNG.java:1212)
at org.testng.TestNG.runSuitesLocally(TestNG.java:1134)
at org.testng.TestNG.runSuites(TestNG.java:1063)
at org.testng.TestNG.run(TestNG.java:1031)
at org.testng.remote.AbstractRemoteTestNG.run(AbstractRemoteTestNG.java:115)
at org.testng.remote.RemoteTestNG.initAndRun(RemoteTestNG.java:251)
at org.testng.remote.RemoteTestNG.main(RemoteTestNG.java:77)
]]>
            </full-stacktrace>
          </exception> <!-- java.lang.AssertionError -->
          <reporter-output>
          </reporter-output>
        </test-method> <!-- customizeTabs -->
        <test-method status="PASS" signature="tearDown()[pri:0, instance:com.training.test.random.RandomTest@28ac3dc3]" name="tearDown" is-config="true" duration-ms="5627" started-at="2021-10-10T19:18:00 PDT" finished-at="2021-10-10T19:18:06 PDT">
          <reporter-output>
          </reporter-output>
        </test-method> <!-- tearDown -->
        <test-method status="PASS" signature="beforeMethod()[pri:0, instance:com.training.test.random.RandomTest@28ac3dc3]" name="beforeMethod" is-config="true" duration-ms="8815" started-at="2021-10-10T19:18:06 PDT" finished-at="2021-10-10T19:18:15 PDT">
          <reporter-output>
          </reporter-output>
        </test-method> <!-- beforeMethod -->
        <test-method status="PASS" signature="verifyFirstAndLastName()[pri:0, instance:com.training.test.random.RandomTest@28ac3dc3]" name="verifyFirstAndLastName" duration-ms="14389" started-at="2021-10-10T19:18:15 PDT" finished-at="2021-10-10T19:18:29 PDT">
          <reporter-output>
          </reporter-output>
        </test-method> <!-- verifyFirstAndLastName -->
        <test-method status="PASS" signature="tearDown()[pri:0, instance:com.training.test.random.RandomTest@28ac3dc3]" name="tearDown" is-config="true" duration-ms="1151" started-at="2021-10-10T19:18:29 PDT" finished-at="2021-10-10T19:18:30 PDT">
          <reporter-output>
          </reporter-output>
        </test-method> <!-- tearDown -->
        <test-method status="PASS" signature="beforeMethod()[pri:0, instance:com.training.test.random.RandomTest@28ac3dc3]" name="beforeMethod" is-config="true" duration-ms="12934" started-at="2021-10-10T19:18:30 PDT" finished-at="2021-10-10T19:18:43 PDT">
          <reporter-output>
          </reporter-output>
        </test-method> <!-- beforeMethod -->
        <test-method status="PASS" signature="verifyLastNameUpdate()[pri:0, instance:com.training.test.random.RandomTest@28ac3dc3]" name="verifyLastNameUpdate" duration-ms="12001" started-at="2021-10-10T19:18:43 PDT" finished-at="2021-10-10T19:18:55 PDT">
          <reporter-output>
          </reporter-output>
        </test-method> <!-- verifyLastNameUpdate -->
        <test-method status="PASS" signature="tearDown()[pri:0, instance:com.training.test.random.RandomTest@28ac3dc3]" name="tearDown" is-config="true" duration-ms="1040" started-at="2021-10-10T19:18:55 PDT" finished-at="2021-10-10T19:18:56 PDT">
          <reporter-output>
          </reporter-output>
        </test-method> <!-- tearDown -->
      </class> <!-- com.training.test.random.RandomTest -->
      <class name="com.training.test.accounts.AccountsTest">
        <test-method status="PASS" signature="beforeMethod()[pri:0, instance:com.training.test.accounts.AccountsTest@32eebfca]" name="beforeMethod" is-config="true" duration-ms="18909" started-at="2021-10-10T19:18:56 PDT" finished-at="2021-10-10T19:19:15 PDT">
          <reporter-output>
          </reporter-output>
        </test-method> <!-- beforeMethod -->
        <test-method status="PASS" signature="createAccountReport()[pri:0, instance:com.training.test.accounts.AccountsTest@32eebfca]" name="createAccountReport" duration-ms="8757" started-at="2021-10-10T19:19:15 PDT" finished-at="2021-10-10T19:19:24 PDT">
          <reporter-output>
          </reporter-output>
        </test-method> <!-- createAccountReport -->
        <test-method status="PASS" signature="tearDown()[pri:0, instance:com.training.test.accounts.AccountsTest@32eebfca]" name="tearDown" is-config="true" duration-ms="130" started-at="2021-10-10T19:19:24 PDT" finished-at="2021-10-10T19:19:24 PDT">
          <reporter-output>
          </reporter-output>
        </test-method> <!-- tearDown -->
        <test-method status="PASS" signature="beforeMethod()[pri:0, instance:com.training.test.accounts.AccountsTest@32eebfca]" name="beforeMethod" is-config="true" duration-ms="15165" started-at="2021-10-10T19:19:24 PDT" finished-at="2021-10-10T19:19:39 PDT">
          <reporter-output>
          </reporter-output>
        </test-method> <!-- beforeMethod -->
        <test-method status="PASS" signature="createNewAccount()[pri:0, instance:com.training.test.accounts.AccountsTest@32eebfca]" name="createNewAccount" duration-ms="6707" started-at="2021-10-10T19:19:39 PDT" finished-at="2021-10-10T19:19:46 PDT">
          <reporter-output>
          </reporter-output>
        </test-method> <!-- createNewAccount -->
        <test-method status="PASS" signature="tearDown()[pri:0, instance:com.training.test.accounts.AccountsTest@32eebfca]" name="tearDown" is-config="true" duration-ms="4166" started-at="2021-10-10T19:19:46 PDT" finished-at="2021-10-10T19:19:50 PDT">
          <reporter-output>
          </reporter-output>
        </test-method> <!-- tearDown -->
        <test-method status="PASS" signature="beforeMethod()[pri:0, instance:com.training.test.accounts.AccountsTest@32eebfca]" name="beforeMethod" is-config="true" duration-ms="20125" started-at="2021-10-10T19:19:50 PDT" finished-at="2021-10-10T19:20:10 PDT">
          <reporter-output>
          </reporter-output>
        </test-method> <!-- beforeMethod -->
        <test-method status="FAIL" signature="createNewViewAccounts()[pri:0, instance:com.training.test.accounts.AccountsTest@32eebfca]" name="createNewViewAccounts" duration-ms="4922" started-at="2021-10-10T19:20:10 PDT" finished-at="2021-10-10T19:20:15 PDT">
          <exception class="java.lang.AssertionError">
            <message>
              <![CDATA[expected [true] but found [false]]]>
            </message>
            <full-stacktrace>
              <![CDATA[java.lang.AssertionError: expected [true] but found [false]
at org.testng.Assert.fail(Assert.java:99)
at org.testng.Assert.failNotEquals(Assert.java:1037)
at org.testng.Assert.assertTrue(Assert.java:45)
at org.testng.Assert.assertTrue(Assert.java:55)
at com.training.test.accounts.AccountsTest.createNewViewAccounts(AccountsTest.java:69)
at sun.reflect.NativeMethodAccessorImpl.invoke0(Native Method)
at sun.reflect.NativeMethodAccessorImpl.invoke(NativeMethodAccessorImpl.java:62)
at sun.reflect.DelegatingMethodAccessorImpl.invoke(DelegatingMethodAccessorImpl.java:43)
at java.lang.reflect.Method.invoke(Method.java:498)
at org.testng.internal.MethodInvocationHelper.invokeMethod(MethodInvocationHelper.java:133)
at org.testng.internal.TestInvoker.invokeMethod(TestInvoker.java:598)
at org.testng.internal.TestInvoker.invokeTestMethod(TestInvoker.java:173)
at org.testng.internal.MethodRunner.runInSequence(MethodRunner.java:46)
at org.testng.internal.TestInvoker$MethodInvocationAgent.invoke(TestInvoker.java:824)
at org.testng.internal.TestInvoker.invokeTestMethods(TestInvoker.java:146)
at org.testng.internal.TestMethodWorker.invokeTestMethods(TestMethodWorker.java:146)
at org.testng.internal.TestMethodWorker.run(TestMethodWorker.java:128)
at java.util.ArrayList.forEach(ArrayList.java:1249)
at org.testng.TestRunner.privateRun(TestRunner.java:794)
at org.testng.TestRunner.run(TestRunner.java:596)
at org.testng.SuiteRunner.runTest(SuiteRunner.java:377)
at org.testng.SuiteRunner.runSequentially(SuiteRunner.java:371)
at org.testng.SuiteRunner.privateRun(SuiteRunner.java:332)
at org.testng.SuiteRunner.run(SuiteRunner.java:276)
at org.testng.SuiteRunnerWorker.runSuite(SuiteRunnerWorker.java:53)
at org.testng.SuiteRunnerWorker.run(SuiteRunnerWorker.java:96)
at org.testng.TestNG.runSuitesSequentially(TestNG.java:1212)
at org.testng.TestNG.runSuitesLocally(TestNG.java:1134)
at org.testng.TestNG.runSuites(TestNG.java:1063)
at org.testng.TestNG.run(TestNG.java:1031)
at org.testng.remote.AbstractRemoteTestNG.run(AbstractRemoteTestNG.java:115)
at org.testng.remote.RemoteTestNG.initAndRun(RemoteTestNG.java:251)
at org.testng.remote.RemoteTestNG.main(RemoteTestNG.java:77)
]]>
            </full-stacktrace>
          </exception> <!-- java.lang.AssertionError -->
          <reporter-output>
          </reporter-output>
        </test-method> <!-- createNewViewAccounts -->
        <test-method status="PASS" signature="tearDown()[pri:0, instance:com.training.test.accounts.AccountsTest@32eebfca]" name="tearDown" is-config="true" duration-ms="362" started-at="2021-10-10T19:20:15 PDT" finished-at="2021-10-10T19:20:16 PDT">
          <reporter-output>
          </reporter-output>
        </test-method> <!-- tearDown -->
        <test-method status="PASS" signature="beforeMethod()[pri:0, instance:com.training.test.accounts.AccountsTest@32eebfca]" name="beforeMethod" is-config="true" duration-ms="18842" started-at="2021-10-10T19:20:16 PDT" finished-at="2021-10-10T19:20:34 PDT">
          <reporter-output>
          </reporter-output>
        </test-method> <!-- beforeMethod -->
        <test-method status="FAIL" signature="editViewLinkAccounts()[pri:0, instance:com.training.test.accounts.AccountsTest@32eebfca]" name="editViewLinkAccounts" duration-ms="6251" started-at="2021-10-10T19:20:34 PDT" finished-at="2021-10-10T19:20:41 PDT">
          <exception class="java.lang.AssertionError">
            <message>
              <![CDATA[expected [true] but found [false]]]>
            </message>
            <full-stacktrace>
              <![CDATA[java.lang.AssertionError: expected [true] but found [false]
at org.testng.Assert.fail(Assert.java:99)
at org.testng.Assert.failNotEquals(Assert.java:1037)
at org.testng.Assert.assertTrue(Assert.java:45)
at org.testng.Assert.assertTrue(Assert.java:55)
at com.training.test.accounts.AccountsTest.editViewLinkAccounts(AccountsTest.java:92)
at sun.reflect.NativeMethodAccessorImpl.invoke0(Native Method)
at sun.reflect.NativeMethodAccessorImpl.invoke(NativeMethodAccessorImpl.java:62)
at sun.reflect.DelegatingMethodAccessorImpl.invoke(DelegatingMethodAccessorImpl.java:43)
at java.lang.reflect.Method.invoke(Method.java:498)
at org.testng.internal.MethodInvocationHelper.invokeMethod(MethodInvocationHelper.java:133)
at org.testng.internal.TestInvoker.invokeMethod(TestInvoker.java:598)
at org.testng.internal.TestInvoker.invokeTestMethod(TestInvoker.java:173)
at org.testng.internal.MethodRunner.runInSequence(MethodRunner.java:46)
at org.testng.internal.TestInvoker$MethodInvocationAgent.invoke(TestInvoker.java:824)
at org.testng.internal.TestInvoker.invokeTestMethods(TestInvoker.java:146)
at org.testng.internal.TestMethodWorker.invokeTestMethods(TestMethodWorker.java:146)
at org.testng.internal.TestMethodWorker.run(TestMethodWorker.java:128)
at java.util.ArrayList.forEach(ArrayList.java:1249)
at org.testng.TestRunner.privateRun(TestRunner.java:794)
at org.testng.TestRunner.run(TestRunner.java:596)
at org.testng.SuiteRunner.runTest(SuiteRunner.java:377)
at org.testng.SuiteRunner.runSequentially(SuiteRunner.java:371)
at org.testng.SuiteRunner.privateRun(SuiteRunner.java:332)
at org.testng.SuiteRunner.run(SuiteRunner.java:276)
at org.testng.SuiteRunnerWorker.runSuite(SuiteRunnerWorker.java:53)
at org.testng.SuiteRunnerWorker.run(SuiteRunnerWorker.java:96)
at org.testng.TestNG.runSuitesSequentially(TestNG.java:1212)
at org.testng.TestNG.runSuitesLocally(TestNG.java:1134)
at org.testng.TestNG.runSuites(TestNG.java:1063)
at org.testng.TestNG.run(TestNG.java:1031)
at org.testng.remote.AbstractRemoteTestNG.run(AbstractRemoteTestNG.java:115)
at org.testng.remote.RemoteTestNG.initAndRun(RemoteTestNG.java:251)
at org.testng.remote.RemoteTestNG.main(RemoteTestNG.java:77)
]]>
            </full-stacktrace>
          </exception> <!-- java.lang.AssertionError -->
          <reporter-output>
          </reporter-output>
        </test-method> <!-- editViewLinkAccounts -->
        <test-method status="PASS" signature="tearDown()[pri:0, instance:com.training.test.accounts.AccountsTest@32eebfca]" name="tearDown" is-config="true" duration-ms="4188" started-at="2021-10-10T19:20:41 PDT" finished-at="2021-10-10T19:20:45 PDT">
          <reporter-output>
          </reporter-output>
        </test-method> <!-- tearDown -->
        <test-method status="PASS" signature="beforeMethod()[pri:0, instance:com.training.test.accounts.AccountsTest@32eebfca]" name="beforeMethod" is-config="true" duration-ms="18992" started-at="2021-10-10T19:20:45 PDT" finished-at="2021-10-10T19:21:04 PDT">
          <reporter-output>
          </reporter-output>
        </test-method> <!-- beforeMethod -->
        <test-method status="FAIL" signature="mergeAccounts()[pri:0, instance:com.training.test.accounts.AccountsTest@32eebfca]" name="mergeAccounts" duration-ms="20298" started-at="2021-10-10T19:21:04 PDT" finished-at="2021-10-10T19:21:24 PDT">
          <exception class="java.lang.AssertionError">
            <message>
              <![CDATA[expected [true] but found [false]]]>
            </message>
            <full-stacktrace>
              <![CDATA[java.lang.AssertionError: expected [true] but found [false]
at org.testng.Assert.fail(Assert.java:99)
at org.testng.Assert.failNotEquals(Assert.java:1037)
at org.testng.Assert.assertTrue(Assert.java:45)
at org.testng.Assert.assertTrue(Assert.java:55)
at com.training.test.accounts.AccountsTest.mergeAccounts(AccountsTest.java:131)
at sun.reflect.NativeMethodAccessorImpl.invoke0(Native Method)
at sun.reflect.NativeMethodAccessorImpl.invoke(NativeMethodAccessorImpl.java:62)
at sun.reflect.DelegatingMethodAccessorImpl.invoke(DelegatingMethodAccessorImpl.java:43)
at java.lang.reflect.Method.invoke(Method.java:498)
at org.testng.internal.MethodInvocationHelper.invokeMethod(MethodInvocationHelper.java:133)
at org.testng.internal.TestInvoker.invokeMethod(TestInvoker.java:598)
at org.testng.internal.TestInvoker.invokeTestMethod(TestInvoker.java:173)
at org.testng.internal.MethodRunner.runInSequence(MethodRunner.java:46)
at org.testng.internal.TestInvoker$MethodInvocationAgent.invoke(TestInvoker.java:824)
at org.testng.internal.TestInvoker.invokeTestMethods(TestInvoker.java:146)
at org.testng.internal.TestMethodWorker.invokeTestMethods(TestMethodWorker.java:146)
at org.testng.internal.TestMethodWorker.run(TestMethodWorker.java:128)
at java.util.ArrayList.forEach(ArrayList.java:1249)
at org.testng.TestRunner.privateRun(TestRunner.java:794)
at org.testng.TestRunner.run(TestRunner.java:596)
at org.testng.SuiteRunner.runTest(SuiteRunner.java:377)
at org.testng.SuiteRunner.runSequentially(SuiteRunner.java:371)
at org.testng.SuiteRunner.privateRun(SuiteRunner.java:332)
at org.testng.SuiteRunner.run(SuiteRunner.java:276)
at org.testng.SuiteRunnerWorker.runSuite(SuiteRunnerWorker.java:53)
at org.testng.SuiteRunnerWorker.run(SuiteRunnerWorker.java:96)
at org.testng.TestNG.runSuitesSequentially(TestNG.java:1212)
at org.testng.TestNG.runSuitesLocally(TestNG.java:1134)
at org.testng.TestNG.runSuites(TestNG.java:1063)
at org.testng.TestNG.run(TestNG.java:1031)
at org.testng.remote.AbstractRemoteTestNG.run(AbstractRemoteTestNG.java:115)
at org.testng.remote.RemoteTestNG.initAndRun(RemoteTestNG.java:251)
at org.testng.remote.RemoteTestNG.main(RemoteTestNG.java:77)
]]>
            </full-stacktrace>
          </exception> <!-- java.lang.AssertionError -->
          <reporter-output>
          </reporter-output>
        </test-method> <!-- mergeAccounts -->
        <test-method status="PASS" signature="tearDown()[pri:0, instance:com.training.test.accounts.AccountsTest@32eebfca]" name="tearDown" is-config="true" duration-ms="168" started-at="2021-10-10T19:21:24 PDT" finished-at="2021-10-10T19:21:24 PDT">
          <reporter-output>
          </reporter-output>
        </test-method> <!-- tearDown -->
      </class> <!-- com.training.test.accounts.AccountsTest -->
      <class name="com.training.test.login.LoginTest">
        <test-method status="PASS" signature="beforeMethod()[pri:0, instance:com.training.test.login.LoginTest@cb0ed20]" name="beforeMethod" is-config="true" duration-ms="4141" started-at="2021-10-10T19:13:24 PDT" finished-at="2021-10-10T19:13:29 PDT">
          <reporter-output>
          </reporter-output>
        </test-method> <!-- beforeMethod -->
        <test-method status="PASS" signature="checkRememberMe()[pri:0, instance:com.training.test.login.LoginTest@cb0ed20]" name="checkRememberMe" duration-ms="12390" started-at="2021-10-10T19:13:29 PDT" finished-at="2021-10-10T19:13:41 PDT">
          <reporter-output>
          </reporter-output>
        </test-method> <!-- checkRememberMe -->
        <test-method status="PASS" signature="tearDown()[pri:0, instance:com.training.test.login.LoginTest@cb0ed20]" name="tearDown" is-config="true" duration-ms="4190" started-at="2021-10-10T19:13:41 PDT" finished-at="2021-10-10T19:13:45 PDT">
          <reporter-output>
          </reporter-output>
        </test-method> <!-- tearDown -->
        <test-method status="PASS" signature="beforeMethod()[pri:0, instance:com.training.test.login.LoginTest@cb0ed20]" name="beforeMethod" is-config="true" duration-ms="3371" started-at="2021-10-10T19:13:45 PDT" finished-at="2021-10-10T19:13:48 PDT">
          <reporter-output>
          </reporter-output>
        </test-method> <!-- beforeMethod -->
        <test-method status="PASS" signature="forgotPassword()[pri:0, instance:com.training.test.login.LoginTest@cb0ed20]" name="forgotPassword" duration-ms="1665" started-at="2021-10-10T19:13:48 PDT" finished-at="2021-10-10T19:13:50 PDT">
          <reporter-output>
          </reporter-output>
        </test-method> <!-- forgotPassword -->
        <test-method status="PASS" signature="tearDown()[pri:0, instance:com.training.test.login.LoginTest@cb0ed20]" name="tearDown" is-config="true" duration-ms="173" started-at="2021-10-10T19:13:50 PDT" finished-at="2021-10-10T19:13:50 PDT">
          <reporter-output>
          </reporter-output>
        </test-method> <!-- tearDown -->
        <test-method status="PASS" signature="beforeMethod()[pri:0, instance:com.training.test.login.LoginTest@cb0ed20]" name="beforeMethod" is-config="true" duration-ms="3645" started-at="2021-10-10T19:13:50 PDT" finished-at="2021-10-10T19:13:54 PDT">
          <reporter-output>
          </reporter-output>
        </test-method> <!-- beforeMethod -->
        <test-method status="PASS" signature="loginWithInvalidCredentials()[pri:0, instance:com.training.test.login.LoginTest@cb0ed20]" name="loginWithInvalidCredentials" duration-ms="2004" started-at="2021-10-10T19:13:54 PDT" finished-at="2021-10-10T19:13:56 PDT">
          <reporter-output>
          </reporter-output>
        </test-method> <!-- loginWithInvalidCredentials -->
        <test-method status="PASS" signature="tearDown()[pri:0, instance:com.training.test.login.LoginTest@cb0ed20]" name="tearDown" is-config="true" duration-ms="4191" started-at="2021-10-10T19:13:56 PDT" finished-at="2021-10-10T19:14:00 PDT">
          <reporter-output>
          </reporter-output>
        </test-method> <!-- tearDown -->
        <test-method status="PASS" signature="beforeMethod()[pri:0, instance:com.training.test.login.LoginTest@cb0ed20]" name="beforeMethod" is-config="true" duration-ms="3325" started-at="2021-10-10T19:14:00 PDT" finished-at="2021-10-10T19:14:03 PDT">
          <reporter-output>
          </reporter-output>
        </test-method> <!-- beforeMethod -->
        <test-method status="PASS" signature="loginWithPartialCredentials()[pri:0, instance:com.training.test.login.LoginTest@cb0ed20]" name="loginWithPartialCredentials" duration-ms="1406" started-at="2021-10-10T19:14:03 PDT" finished-at="2021-10-10T19:14:05 PDT">
          <reporter-output>
          </reporter-output>
        </test-method> <!-- loginWithPartialCredentials -->
        <test-method status="PASS" signature="tearDown()[pri:0, instance:com.training.test.login.LoginTest@cb0ed20]" name="tearDown" is-config="true" duration-ms="4192" started-at="2021-10-10T19:14:05 PDT" finished-at="2021-10-10T19:14:09 PDT">
          <reporter-output>
          </reporter-output>
        </test-method> <!-- tearDown -->
        <test-method status="PASS" signature="beforeMethod()[pri:0, instance:com.training.test.login.LoginTest@cb0ed20]" name="beforeMethod" is-config="true" duration-ms="3034" started-at="2021-10-10T19:14:09 PDT" finished-at="2021-10-10T19:14:12 PDT">
          <reporter-output>
          </reporter-output>
        </test-method> <!-- beforeMethod -->
        <test-method status="FAIL" signature="loginWithValidCredentials()[pri:0, instance:com.training.test.login.LoginTest@cb0ed20]" name="loginWithValidCredentials" duration-ms="28311" started-at="2021-10-10T19:14:12 PDT" finished-at="2021-10-10T19:14:40 PDT">
          <exception class="org.openqa.selenium.TimeoutException">
            <message>
              <![CDATA[Expected condition failed: waiting for invisibility of Proxy element for: DefaultElementLocator 'By.xpath: //input[@id='Login']' (tried for 20 second(s) with 500 milliseconds interval)]]>
            </message>
            <full-stacktrace>
              <![CDATA[org.openqa.selenium.TimeoutException: Expected condition failed: waiting for invisibility of Proxy element for: DefaultElementLocator 'By.xpath: //input[@id='Login']' (tried for 20 second(s) with 500 milliseconds interval)
at org.openqa.selenium.support.ui.WebDriverWait.timeoutException(WebDriverWait.java:95)
at org.openqa.selenium.support.ui.FluentWait.until(FluentWait.java:272)
at com.training.base.BaseTest.waitForElementToDisappear(BaseTest.java:52)
at com.training.test.login.LoginTest.loginWithValidCredentials(LoginTest.java:44)
at sun.reflect.NativeMethodAccessorImpl.invoke0(Native Method)
at sun.reflect.NativeMethodAccessorImpl.invoke(NativeMethodAccessorImpl.java:62)
at sun.reflect.DelegatingMethodAccessorImpl.invoke(DelegatingMethodAccessorImpl.java:43)
at java.lang.reflect.Method.invoke(Method.java:498)
at org.testng.internal.MethodInvocationHelper.invokeMethod(MethodInvocationHelper.java:133)
at org.testng.internal.TestInvoker.invokeMethod(TestInvoker.java:598)
at org.testng.internal.TestInvoker.invokeTestMethod(TestInvoker.java:173)
at org.testng.internal.MethodRunner.runInSequence(MethodRunner.java:46)
at org.testng.internal.TestInvoker$MethodInvocationAgent.invoke(TestInvoker.java:824)
at org.testng.internal.TestInvoker.invokeTestMethods(TestInvoker.java:146)
at org.testng.internal.TestMethodWorker.invokeTestMethods(TestMethodWorker.java:146)
at org.testng.internal.TestMethodWorker.run(TestMethodWorker.java:128)
at java.util.ArrayList.forEach(ArrayList.java:1249)
at org.testng.TestRunner.privateRun(TestRunner.java:794)
at org.testng.TestRunner.run(TestRunner.java:596)
at org.testng.SuiteRunner.runTest(SuiteRunner.java:377)
at org.testng.SuiteRunner.runSequentially(SuiteRunner.java:371)
at org.testng.SuiteRunner.privateRun(SuiteRunner.java:332)
at org.testng.SuiteRunner.run(SuiteRunner.java:276)
at org.testng.SuiteRunnerWorker.runSuite(SuiteRunnerWorker.java:53)
at org.testng.SuiteRunnerWorker.run(SuiteRunnerWorker.java:96)
at org.testng.TestNG.runSuitesSequentially(TestNG.java:1212)
at org.testng.TestNG.runSuitesLocally(TestNG.java:1134)
at org.testng.TestNG.runSuites(TestNG.java:1063)
at org.testng.TestNG.run(TestNG.java:1031)
at org.testng.remote.AbstractRemoteTestNG.run(AbstractRemoteTestNG.java:115)
at org.testng.remote.RemoteTestNG.initAndRun(RemoteTestNG.java:251)
at org.testng.remote.RemoteTestNG.main(RemoteTestNG.java:77)
Caused by: org.openqa.selenium.NoSuchElementException: no such element: Unable to locate element: {"method":"xpath","selector":"//input[@id='Login']"}
  (Session info: chrome=94.0.4606.81)
For documentation on this error, please visit: https://www.seleniumhq.org/exceptions/no_such_element.html
Build info: version: '3.141.59', revision: 'e82be7d358', time: '2018-11-14T08:17:03'
System info: host: 'MEENAS-LENOVO', ip: '192.168.0.28', os.name: 'Windows 10', os.arch: 'amd64', os.version: '10.0', java.version: '1.8.0_131'
Driver info: org.openqa.selenium.chrome.ChromeDriver
Capabilities {acceptInsecureCerts: false, browserName: chrome, browserVersion: 94.0.4606.81, chrome: {chromedriverVersion: 94.0.4606.61 (418b78f5838ed..., userDataDir: C:\Users\meena\AppData\Loca...}, goog:chromeOptions: {debuggerAddress: localhost:56520}, javascriptEnabled: true, networkConnectionEnabled: false, pageLoadStrategy: normal, platform: WINDOWS, platformName: WINDOWS, proxy: Proxy(), setWindowRect: true, strictFileInteractability: false, timeouts: {implicit: 0, pageLoad: 300000, script: 30000}, unhandledPromptBehavior: dismiss and notify, webauthn:extension:credBlob: true, webauthn:extension:largeBlob: true, webauthn:virtualAuthenticators: true}
Session ID: 6765fa68b79df941937be452f5ef77cf
*** Element info: {Using=xpath, value=//input[@id='Login']}
at sun.reflect.GeneratedConstructorAccessor23.newInstance(Unknown Source)
at sun.reflect.DelegatingConstructorAccessorImpl.newInstance(DelegatingConstructorAccessorImpl.java:45)
at java.lang.reflect.Constructor.newInstance(Constructor.java:423)
at org.openqa.selenium.remote.http.W3CHttpResponseCodec.createException(W3CHttpResponseCodec.java:187)
at org.openqa.selenium.remote.http.W3CHttpResponseCodec.decode(W3CHttpResponseCodec.java:122)
at org.openqa.selenium.remote.http.W3CHttpResponseCodec.decode(W3CHttpResponseCodec.java:49)
at org.openqa.selenium.remote.HttpCommandExecutor.execute(HttpCommandExecutor.java:158)
at org.openqa.selenium.remote.service.DriverCommandExecutor.execute(DriverCommandExecutor.java:83)
at org.openqa.selenium.remote.RemoteWebDriver.execute(RemoteWebDriver.java:552)
at org.openqa.selenium.remote.RemoteWebDriver.findElement(RemoteWebDriver.java:323)
at org.openqa.selenium.remote.RemoteWebDriver.findElementByXPath(RemoteWebDriver.java:428)
at org.openqa.selenium.By$ByXPath.findElement(By.java:353)
at org.openqa.selenium.remote.RemoteWebDriver.findElement(RemoteWebDriver.java:315)
at org.openqa.selenium.support.pagefactory.DefaultElementLocator.findElement(DefaultElementLocator.java:69)
at org.openqa.selenium.support.pagefactory.internal.LocatingElementHandler.invoke(LocatingElementHandler.java:38)
at com.sun.proxy.$Proxy9.isDisplayed(Unknown Source)
at org.openqa.selenium.support.ui.ExpectedConditions.isInvisible(ExpectedConditions.java:1348)
at org.openqa.selenium.support.ui.ExpectedConditions.access$200(ExpectedConditions.java:43)
at org.openqa.selenium.support.ui.ExpectedConditions$46.apply(ExpectedConditions.java:1336)
at org.openqa.selenium.support.ui.ExpectedConditions$46.apply(ExpectedConditions.java:1332)
at org.openqa.selenium.support.ui.FluentWait.until(FluentWait.java:249)
... 30 more
]]>
            </full-stacktrace>
          </exception> <!-- org.openqa.selenium.TimeoutException -->
          <reporter-output>
          </reporter-output>
        </test-method> <!-- loginWithValidCredentials -->
        <test-method status="PASS" signature="tearDown()[pri:0, instance:com.training.test.login.LoginTest@cb0ed20]" name="tearDown" is-config="true" duration-ms="4184" started-at="2021-10-10T19:14:40 PDT" finished-at="2021-10-10T19:14:45 PDT">
          <reporter-output>
          </reporter-output>
        </test-method> <!-- tearDown -->
      </class> <!-- com.training.test.login.LoginTest -->
      <class name="com.training.test.contacts.ContactsTest">
        <test-method status="PASS" signature="beforeMethod()[pri:0, instance:com.training.test.contacts.ContactsTest@46daef40]" name="beforeMethod" is-config="true" duration-ms="24011" started-at="2021-10-10T19:09:08 PDT" finished-at="2021-10-10T19:09:32 PDT">
          <reporter-output>
          </reporter-output>
        </test-method> <!-- beforeMethod -->
        <test-method status="PASS" signature="cancelCreateView()[pri:0, instance:com.training.test.contacts.ContactsTest@46daef40]" name="cancelCreateView" duration-ms="2364" started-at="2021-10-10T19:09:32 PDT" finished-at="2021-10-10T19:09:34 PDT">
          <reporter-output>
          </reporter-output>
        </test-method> <!-- cancelCreateView -->
        <test-method status="PASS" signature="tearDown()[pri:0, instance:com.training.test.contacts.ContactsTest@46daef40]" name="tearDown" is-config="true" duration-ms="1010" started-at="2021-10-10T19:09:34 PDT" finished-at="2021-10-10T19:09:35 PDT">
          <reporter-output>
          </reporter-output>
        </test-method> <!-- tearDown -->
        <test-method status="PASS" signature="beforeMethod()[pri:0, instance:com.training.test.contacts.ContactsTest@46daef40]" name="beforeMethod" is-config="true" duration-ms="18138" started-at="2021-10-10T19:09:35 PDT" finished-at="2021-10-10T19:09:53 PDT">
          <reporter-output>
          </reporter-output>
        </test-method> <!-- beforeMethod -->
        <test-method status="PASS" signature="checkErrorMessageInCreateView()[pri:0, instance:com.training.test.contacts.ContactsTest@46daef40]" name="checkErrorMessageInCreateView" duration-ms="2186" started-at="2021-10-10T19:09:53 PDT" finished-at="2021-10-10T19:09:55 PDT">
          <reporter-output>
          </reporter-output>
        </test-method> <!-- checkErrorMessageInCreateView -->
        <test-method status="PASS" signature="tearDown()[pri:0, instance:com.training.test.contacts.ContactsTest@46daef40]" name="tearDown" is-config="true" duration-ms="1195" started-at="2021-10-10T19:09:55 PDT" finished-at="2021-10-10T19:09:57 PDT">
          <reporter-output>
          </reporter-output>
        </test-method> <!-- tearDown -->
        <test-method status="PASS" signature="beforeMethod()[pri:0, instance:com.training.test.contacts.ContactsTest@46daef40]" name="beforeMethod" is-config="true" duration-ms="19558" started-at="2021-10-10T19:09:57 PDT" finished-at="2021-10-10T19:10:16 PDT">
          <reporter-output>
          </reporter-output>
        </test-method> <!-- beforeMethod -->
        <test-method status="PASS" signature="createNewContact()[pri:0, instance:com.training.test.contacts.ContactsTest@46daef40]" name="createNewContact" duration-ms="6528" started-at="2021-10-10T19:10:16 PDT" finished-at="2021-10-10T19:10:23 PDT">
          <reporter-output>
          </reporter-output>
        </test-method> <!-- createNewContact -->
        <test-method status="PASS" signature="tearDown()[pri:0, instance:com.training.test.contacts.ContactsTest@46daef40]" name="tearDown" is-config="true" duration-ms="1083" started-at="2021-10-10T19:10:23 PDT" finished-at="2021-10-10T19:10:24 PDT">
          <reporter-output>
          </reporter-output>
        </test-method> <!-- tearDown -->
        <test-method status="PASS" signature="beforeMethod()[pri:0, instance:com.training.test.contacts.ContactsTest@46daef40]" name="beforeMethod" is-config="true" duration-ms="25859" started-at="2021-10-10T19:10:24 PDT" finished-at="2021-10-10T19:10:50 PDT">
          <reporter-output>
          </reporter-output>
        </test-method> <!-- beforeMethod -->
        <test-method status="PASS" signature="createNewViewContacts()[pri:0, instance:com.training.test.contacts.ContactsTest@46daef40]" name="createNewViewContacts" duration-ms="3847" started-at="2021-10-10T19:10:50 PDT" finished-at="2021-10-10T19:10:54 PDT">
          <reporter-output>
          </reporter-output>
        </test-method> <!-- createNewViewContacts -->
        <test-method status="PASS" signature="tearDown()[pri:0, instance:com.training.test.contacts.ContactsTest@46daef40]" name="tearDown" is-config="true" duration-ms="1072" started-at="2021-10-10T19:10:54 PDT" finished-at="2021-10-10T19:10:55 PDT">
          <reporter-output>
          </reporter-output>
        </test-method> <!-- tearDown -->
        <test-method status="PASS" signature="beforeMethod()[pri:0, instance:com.training.test.contacts.ContactsTest@46daef40]" name="beforeMethod" is-config="true" duration-ms="16785" started-at="2021-10-10T19:10:55 PDT" finished-at="2021-10-10T19:11:11 PDT">
          <reporter-output>
          </reporter-output>
        </test-method> <!-- beforeMethod -->
        <test-method status="FAIL" signature="myContactsView()[pri:0, instance:com.training.test.contacts.ContactsTest@46daef40]" name="myContactsView" duration-ms="31785" started-at="2021-10-10T19:11:11 PDT" finished-at="2021-10-10T19:11:43 PDT">
          <exception class="org.openqa.selenium.TimeoutException">
            <message>
              <![CDATA[Expected condition failed: waiting for element to be clickable: Proxy element for: DefaultElementLocator 'By.xpath: //input[@name='go']' (tried for 30 second(s) with 500 milliseconds interval)]]>
            </message>
            <full-stacktrace>
              <![CDATA[org.openqa.selenium.TimeoutException: Expected condition failed: waiting for element to be clickable: Proxy element for: DefaultElementLocator 'By.xpath: //input[@name='go']' (tried for 30 second(s) with 500 milliseconds interval)
at org.openqa.selenium.support.ui.WebDriverWait.timeoutException(WebDriverWait.java:95)
at org.openqa.selenium.support.ui.FluentWait.until(FluentWait.java:272)
at com.training.base.BaseTest.waitForClick(BaseTest.java:42)
at com.training.base.BaseTest.clickButton(BaseTest.java:76)
at com.training.test.contacts.ContactsTest.myContactsView(ContactsTest.java:89)
at sun.reflect.NativeMethodAccessorImpl.invoke0(Native Method)
at sun.reflect.NativeMethodAccessorImpl.invoke(NativeMethodAccessorImpl.java:62)
at sun.reflect.DelegatingMethodAccessorImpl.invoke(DelegatingMethodAccessorImpl.java:43)
at java.lang.reflect.Method.invoke(Method.java:498)
at org.testng.internal.MethodInvocationHelper.invokeMethod(MethodInvocationHelper.java:133)
at org.testng.internal.TestInvoker.invokeMethod(TestInvoker.java:598)
at org.testng.internal.TestInvoker.invokeTestMethod(TestInvoker.java:173)
at org.testng.internal.MethodRunner.runInSequence(MethodRunner.java:46)
at org.testng.internal.TestInvoker$MethodInvocationAgent.invoke(TestInvoker.java:824)
at org.testng.internal.TestInvoker.invokeTestMethods(TestInvoker.java:146)
at org.testng.internal.TestMethodWorker.invokeTestMethods(TestMethodWorker.java:146)
at org.testng.internal.TestMethodWorker.run(TestMethodWorker.java:128)
at java.util.ArrayList.forEach(ArrayList.java:1249)
at org.testng.TestRunner.privateRun(TestRunner.java:794)
at org.testng.TestRunner.run(TestRunner.java:596)
at org.testng.SuiteRunner.runTest(SuiteRunner.java:377)
at org.testng.SuiteRunner.runSequentially(SuiteRunner.java:371)
at org.testng.SuiteRunner.privateRun(SuiteRunner.java:332)
at org.testng.SuiteRunner.run(SuiteRunner.java:276)
at org.testng.SuiteRunnerWorker.runSuite(SuiteRunnerWorker.java:53)
at org.testng.SuiteRunnerWorker.run(SuiteRunnerWorker.java:96)
at org.testng.TestNG.runSuitesSequentially(TestNG.java:1212)
at org.testng.TestNG.runSuitesLocally(TestNG.java:1134)
at org.testng.TestNG.runSuites(TestNG.java:1063)
at org.testng.TestNG.run(TestNG.java:1031)
at org.testng.remote.AbstractRemoteTestNG.run(AbstractRemoteTestNG.java:115)
at org.testng.remote.RemoteTestNG.initAndRun(RemoteTestNG.java:251)
at org.testng.remote.RemoteTestNG.main(RemoteTestNG.java:77)
Caused by: org.openqa.selenium.NoSuchElementException: no such element: Unable to locate element: {"method":"xpath","selector":"//input[@name='go']"}
  (Session info: chrome=94.0.4606.81)
For documentation on this error, please visit: https://www.seleniumhq.org/exceptions/no_such_element.html
Build info: version: '3.141.59', revision: 'e82be7d358', time: '2018-11-14T08:17:03'
System info: host: 'MEENAS-LENOVO', ip: '192.168.0.28', os.name: 'Windows 10', os.arch: 'amd64', os.version: '10.0', java.version: '1.8.0_131'
Driver info: org.openqa.selenium.chrome.ChromeDriver
Capabilities {acceptInsecureCerts: false, browserName: chrome, browserVersion: 94.0.4606.81, chrome: {chromedriverVersion: 94.0.4606.61 (418b78f5838ed..., userDataDir: C:\Users\meena\AppData\Loca...}, goog:chromeOptions: {debuggerAddress: localhost:53822}, javascriptEnabled: true, networkConnectionEnabled: false, pageLoadStrategy: normal, platform: WINDOWS, platformName: WINDOWS, proxy: Proxy(), setWindowRect: true, strictFileInteractability: false, timeouts: {implicit: 0, pageLoad: 300000, script: 30000}, unhandledPromptBehavior: dismiss and notify, webauthn:extension:credBlob: true, webauthn:extension:largeBlob: true, webauthn:virtualAuthenticators: true}
Session ID: c685a89eafdf3562f5b3df02b87060b7
*** Element info: {Using=xpath, value=//input[@name='go']}
at sun.reflect.GeneratedConstructorAccessor23.newInstance(Unknown Source)
at sun.reflect.DelegatingConstructorAccessorImpl.newInstance(DelegatingConstructorAccessorImpl.java:45)
at java.lang.reflect.Constructor.newInstance(Constructor.java:423)
at org.openqa.selenium.remote.http.W3CHttpResponseCodec.createException(W3CHttpResponseCodec.java:187)
at org.openqa.selenium.remote.http.W3CHttpResponseCodec.decode(W3CHttpResponseCodec.java:122)
at org.openqa.selenium.remote.http.W3CHttpResponseCodec.decode(W3CHttpResponseCodec.java:49)
at org.openqa.selenium.remote.HttpCommandExecutor.execute(HttpCommandExecutor.java:158)
at org.openqa.selenium.remote.service.DriverCommandExecutor.execute(DriverCommandExecutor.java:83)
at org.openqa.selenium.remote.RemoteWebDriver.execute(RemoteWebDriver.java:552)
at org.openqa.selenium.remote.RemoteWebDriver.findElement(RemoteWebDriver.java:323)
at org.openqa.selenium.remote.RemoteWebDriver.findElementByXPath(RemoteWebDriver.java:428)
at org.openqa.selenium.By$ByXPath.findElement(By.java:353)
at org.openqa.selenium.remote.RemoteWebDriver.findElement(RemoteWebDriver.java:315)
at org.openqa.selenium.support.pagefactory.DefaultElementLocator.findElement(DefaultElementLocator.java:69)
at org.openqa.selenium.support.pagefactory.internal.LocatingElementHandler.invoke(LocatingElementHandler.java:38)
at com.sun.proxy.$Proxy9.isDisplayed(Unknown Source)
at org.openqa.selenium.support.ui.ExpectedConditions.elementIfVisible(ExpectedConditions.java:314)
at org.openqa.selenium.support.ui.ExpectedConditions.access$000(ExpectedConditions.java:43)
at org.openqa.selenium.support.ui.ExpectedConditions$10.apply(ExpectedConditions.java:300)
at org.openqa.selenium.support.ui.ExpectedConditions$10.apply(ExpectedConditions.java:297)
at org.openqa.selenium.support.ui.ExpectedConditions$23.apply(ExpectedConditions.java:670)
at org.openqa.selenium.support.ui.ExpectedConditions$23.apply(ExpectedConditions.java:666)
at org.openqa.selenium.support.ui.FluentWait.until(FluentWait.java:249)
... 31 more
]]>
            </full-stacktrace>
          </exception> <!-- org.openqa.selenium.TimeoutException -->
          <reporter-output>
          </reporter-output>
        </test-method> <!-- myContactsView -->
        <test-method status="PASS" signature="tearDown()[pri:0, instance:com.training.test.contacts.ContactsTest@46daef40]" name="tearDown" is-config="true" duration-ms="1176" started-at="2021-10-10T19:11:43 PDT" finished-at="2021-10-10T19:11:44 PDT">
          <reporter-output>
          </reporter-output>
        </test-method> <!-- tearDown -->
        <test-method status="PASS" signature="beforeMethod()[pri:0, instance:com.training.test.contacts.ContactsTest@46daef40]" name="beforeMethod" is-config="true" duration-ms="17576" started-at="2021-10-10T19:11:44 PDT" finished-at="2021-10-10T19:12:02 PDT">
          <reporter-output>
          </reporter-output>
        </test-method> <!-- beforeMethod -->
        <test-method status="FAIL" signature="recentlyCreatedContact()[pri:0, instance:com.training.test.contacts.ContactsTest@46daef40]" name="recentlyCreatedContact" duration-ms="7554" started-at="2021-10-10T19:12:02 PDT" finished-at="2021-10-10T19:12:09 PDT">
          <exception class="java.lang.AssertionError">
            <message>
              <![CDATA[expected [true] but found [false]]]>
            </message>
            <full-stacktrace>
              <![CDATA[java.lang.AssertionError: expected [true] but found [false]
at org.testng.Assert.fail(Assert.java:99)
at org.testng.Assert.failNotEquals(Assert.java:1037)
at org.testng.Assert.assertTrue(Assert.java:45)
at org.testng.Assert.assertTrue(Assert.java:55)
at com.training.test.contacts.ContactsTest.recentlyCreatedContact(ContactsTest.java:82)
at sun.reflect.NativeMethodAccessorImpl.invoke0(Native Method)
at sun.reflect.NativeMethodAccessorImpl.invoke(NativeMethodAccessorImpl.java:62)
at sun.reflect.DelegatingMethodAccessorImpl.invoke(DelegatingMethodAccessorImpl.java:43)
at java.lang.reflect.Method.invoke(Method.java:498)
at org.testng.internal.MethodInvocationHelper.invokeMethod(MethodInvocationHelper.java:133)
at org.testng.internal.TestInvoker.invokeMethod(TestInvoker.java:598)
at org.testng.internal.TestInvoker.invokeTestMethod(TestInvoker.java:173)
at org.testng.internal.MethodRunner.runInSequence(MethodRunner.java:46)
at org.testng.internal.TestInvoker$MethodInvocationAgent.invoke(TestInvoker.java:824)
at org.testng.internal.TestInvoker.invokeTestMethods(TestInvoker.java:146)
at org.testng.internal.TestMethodWorker.invokeTestMethods(TestMethodWorker.java:146)
at org.testng.internal.TestMethodWorker.run(TestMethodWorker.java:128)
at java.util.ArrayList.forEach(ArrayList.java:1249)
at org.testng.TestRunner.privateRun(TestRunner.java:794)
at org.testng.TestRunner.run(TestRunner.java:596)
at org.testng.SuiteRunner.runTest(SuiteRunner.java:377)
at org.testng.SuiteRunner.runSequentially(SuiteRunner.java:371)
at org.testng.SuiteRunner.privateRun(SuiteRunner.java:332)
at org.testng.SuiteRunner.run(SuiteRunner.java:276)
at org.testng.SuiteRunnerWorker.runSuite(SuiteRunnerWorker.java:53)
at org.testng.SuiteRunnerWorker.run(SuiteRunnerWorker.java:96)
at org.testng.TestNG.runSuitesSequentially(TestNG.java:1212)
at org.testng.TestNG.runSuitesLocally(TestNG.java:1134)
at org.testng.TestNG.runSuites(TestNG.java:1063)
at org.testng.TestNG.run(TestNG.java:1031)
at org.testng.remote.AbstractRemoteTestNG.run(AbstractRemoteTestNG.java:115)
at org.testng.remote.RemoteTestNG.initAndRun(RemoteTestNG.java:251)
at org.testng.remote.RemoteTestNG.main(RemoteTestNG.java:77)
]]>
            </full-stacktrace>
          </exception> <!-- java.lang.AssertionError -->
          <reporter-output>
          </reporter-output>
        </test-method> <!-- recentlyCreatedContact -->
        <test-method status="PASS" signature="tearDown()[pri:0, instance:com.training.test.contacts.ContactsTest@46daef40]" name="tearDown" is-config="true" duration-ms="1154" started-at="2021-10-10T19:12:09 PDT" finished-at="2021-10-10T19:12:11 PDT">
          <reporter-output>
          </reporter-output>
        </test-method> <!-- tearDown -->
        <test-method status="PASS" signature="beforeMethod()[pri:0, instance:com.training.test.contacts.ContactsTest@46daef40]" name="beforeMethod" is-config="true" duration-ms="18103" started-at="2021-10-10T19:12:11 PDT" finished-at="2021-10-10T19:12:29 PDT">
          <reporter-output>
          </reporter-output>
        </test-method> <!-- beforeMethod -->
        <test-method status="PASS" signature="saveAndCreateNewContact()[pri:0, instance:com.training.test.contacts.ContactsTest@46daef40]" name="saveAndCreateNewContact" duration-ms="2851" started-at="2021-10-10T19:12:29 PDT" finished-at="2021-10-10T19:12:32 PDT">
          <reporter-output>
          </reporter-output>
        </test-method> <!-- saveAndCreateNewContact -->
        <test-method status="PASS" signature="tearDown()[pri:0, instance:com.training.test.contacts.ContactsTest@46daef40]" name="tearDown" is-config="true" duration-ms="1044" started-at="2021-10-10T19:12:32 PDT" finished-at="2021-10-10T19:12:33 PDT">
          <reporter-output>
          </reporter-output>
        </test-method> <!-- tearDown -->
        <test-method status="PASS" signature="beforeMethod()[pri:0, instance:com.training.test.contacts.ContactsTest@46daef40]" name="beforeMethod" is-config="true" duration-ms="15903" started-at="2021-10-10T19:12:33 PDT" finished-at="2021-10-10T19:12:49 PDT">
          <reporter-output>
          </reporter-output>
        </test-method> <!-- beforeMethod -->
        <test-method status="PASS" signature="viewContact()[pri:0, instance:com.training.test.contacts.ContactsTest@46daef40]" name="viewContact" duration-ms="15120" started-at="2021-10-10T19:12:49 PDT" finished-at="2021-10-10T19:13:04 PDT">
          <reporter-output>
          </reporter-output>
        </test-method> <!-- viewContact -->
        <test-method status="PASS" signature="tearDown()[pri:0, instance:com.training.test.contacts.ContactsTest@46daef40]" name="tearDown" is-config="true" duration-ms="1284" started-at="2021-10-10T19:13:04 PDT" finished-at="2021-10-10T19:13:05 PDT">
          <reporter-output>
          </reporter-output>
        </test-method> <!-- tearDown -->
      </class> <!-- com.training.test.contacts.ContactsTest -->
      <class name="com.training.test.developerconsole.DeveloperConsoleTest">
        <test-method status="PASS" signature="beforeMethod()[pri:0, instance:com.training.test.developerconsole.DeveloperConsoleTest@5891e32e]" name="beforeMethod" is-config="true" duration-ms="3634" started-at="2021-10-10T19:13:05 PDT" finished-at="2021-10-10T19:13:09 PDT">
          <reporter-output>
          </reporter-output>
        </test-method> <!-- beforeMethod -->
        <test-method status="PASS" signature="selectDeveloperConsole()[pri:0, instance:com.training.test.developerconsole.DeveloperConsoleTest@5891e32e]" name="selectDeveloperConsole" duration-ms="11627" started-at="2021-10-10T19:13:09 PDT" finished-at="2021-10-10T19:13:20 PDT">
          <reporter-output>
          </reporter-output>
        </test-method> <!-- selectDeveloperConsole -->
        <test-method status="PASS" signature="tearDown()[pri:0, instance:com.training.test.developerconsole.DeveloperConsoleTest@5891e32e]" name="tearDown" is-config="true" duration-ms="4181" started-at="2021-10-10T19:13:20 PDT" finished-at="2021-10-10T19:13:24 PDT">
          <reporter-output>
          </reporter-output>
        </test-method> <!-- tearDown -->
      </class> <!-- com.training.test.developerconsole.DeveloperConsoleTest -->
      <class name="com.training.test.myprofile.MyProfileTest">
        <test-method status="PASS" signature="beforeMethod()[pri:0, instance:com.training.test.myprofile.MyProfileTest@23fe1d71]" name="beforeMethod" is-config="true" duration-ms="3569" started-at="2021-10-10T19:15:54 PDT" finished-at="2021-10-10T19:15:57 PDT">
          <reporter-output>
          </reporter-output>
        </test-method> <!-- beforeMethod -->
        <test-method status="FAIL" signature="selectMyProfile()[pri:0, instance:com.training.test.myprofile.MyProfileTest@23fe1d71]" name="selectMyProfile" duration-ms="45261" started-at="2021-10-10T19:15:57 PDT" finished-at="2021-10-10T19:16:43 PDT">
          <exception class="org.openqa.selenium.TimeoutException">
            <message>
              <![CDATA[Expected condition failed: waiting for element to be clickable: [[ChromeDriver: chrome on WINDOWS (a492c2829c1d59940b151e9c390ffb22)] -> xpath: //a[contains(text(),'Upload')]] (tried for 30 second(s) with 500 milliseconds interval)
Build info: version: '3.141.59', revision: 'e82be7d358', time: '2018-11-14T08:17:03'
System info: host: 'MEENAS-LENOVO', ip: '192.168.0.28', os.name: 'Windows 10', os.arch: 'amd64', os.version: '10.0', java.version: '1.8.0_131'
Driver info: org.openqa.selenium.chrome.ChromeDriver
Capabilities {acceptInsecureCerts: false, browserName: chrome, browserVersion: 94.0.4606.81, chrome: {chromedriverVersion: 94.0.4606.61 (418b78f5838ed..., userDataDir: C:\Users\meena\AppData\Loca...}, goog:chromeOptions: {debuggerAddress: localhost:56182}, javascriptEnabled: true, networkConnectionEnabled: false, pageLoadStrategy: normal, platform: WINDOWS, platformName: WINDOWS, proxy: Proxy(), setWindowRect: true, strictFileInteractability: false, timeouts: {implicit: 0, pageLoad: 300000, script: 30000}, unhandledPromptBehavior: dismiss and notify, webauthn:extension:credBlob: true, webauthn:extension:largeBlob: true, webauthn:virtualAuthenticators: true}
Session ID: a492c2829c1d59940b151e9c390ffb22]]>
            </message>
            <full-stacktrace>
              <![CDATA[org.openqa.selenium.TimeoutException: Expected condition failed: waiting for element to be clickable: [[ChromeDriver: chrome on WINDOWS (a492c2829c1d59940b151e9c390ffb22)] -> xpath: //a[contains(text(),'Upload')]] (tried for 30 second(s) with 500 milliseconds interval)
Build info: version: '3.141.59', revision: 'e82be7d358', time: '2018-11-14T08:17:03'
System info: host: 'MEENAS-LENOVO', ip: '192.168.0.28', os.name: 'Windows 10', os.arch: 'amd64', os.version: '10.0', java.version: '1.8.0_131'
Driver info: org.openqa.selenium.chrome.ChromeDriver
Capabilities {acceptInsecureCerts: false, browserName: chrome, browserVersion: 94.0.4606.81, chrome: {chromedriverVersion: 94.0.4606.61 (418b78f5838ed..., userDataDir: C:\Users\meena\AppData\Loca...}, goog:chromeOptions: {debuggerAddress: localhost:56182}, javascriptEnabled: true, networkConnectionEnabled: false, pageLoadStrategy: normal, platform: WINDOWS, platformName: WINDOWS, proxy: Proxy(), setWindowRect: true, strictFileInteractability: false, timeouts: {implicit: 0, pageLoad: 300000, script: 30000}, unhandledPromptBehavior: dismiss and notify, webauthn:extension:credBlob: true, webauthn:extension:largeBlob: true, webauthn:virtualAuthenticators: true}
Session ID: a492c2829c1d59940b151e9c390ffb22
at org.openqa.selenium.support.ui.WebDriverWait.timeoutException(WebDriverWait.java:95)
at org.openqa.selenium.support.ui.FluentWait.until(FluentWait.java:272)
at com.training.base.BaseTest.waitForClick(BaseTest.java:42)
at com.training.base.BaseTest.clickButton(BaseTest.java:76)
at com.training.test.myprofile.MyProfileTest.selectMyProfile(MyProfileTest.java:71)
at sun.reflect.NativeMethodAccessorImpl.invoke0(Native Method)
at sun.reflect.NativeMethodAccessorImpl.invoke(NativeMethodAccessorImpl.java:62)
at sun.reflect.DelegatingMethodAccessorImpl.invoke(DelegatingMethodAccessorImpl.java:43)
at java.lang.reflect.Method.invoke(Method.java:498)
at org.testng.internal.MethodInvocationHelper.invokeMethod(MethodInvocationHelper.java:133)
at org.testng.internal.TestInvoker.invokeMethod(TestInvoker.java:598)
at org.testng.internal.TestInvoker.invokeTestMethod(TestInvoker.java:173)
at org.testng.internal.MethodRunner.runInSequence(MethodRunner.java:46)
at org.testng.internal.TestInvoker$MethodInvocationAgent.invoke(TestInvoker.java:824)
at org.testng.internal.TestInvoker.invokeTestMethods(TestInvoker.java:146)
at org.testng.internal.TestMethodWorker.invokeTestMethods(TestMethodWorker.java:146)
at org.testng.internal.TestMethodWorker.run(TestMethodWorker.java:128)
at java.util.ArrayList.forEach(ArrayList.java:1249)
at org.testng.TestRunner.privateRun(TestRunner.java:794)
at org.testng.TestRunner.run(TestRunner.java:596)
at org.testng.SuiteRunner.runTest(SuiteRunner.java:377)
at org.testng.SuiteRunner.runSequentially(SuiteRunner.java:371)
at org.testng.SuiteRunner.privateRun(SuiteRunner.java:332)
at org.testng.SuiteRunner.run(SuiteRunner.java:276)
at org.testng.SuiteRunnerWorker.runSuite(SuiteRunnerWorker.java:53)
at org.testng.SuiteRunnerWorker.run(SuiteRunnerWorker.java:96)
at org.testng.TestNG.runSuitesSequentially(TestNG.java:1212)
at org.testng.TestNG.runSuitesLocally(TestNG.java:1134)
at org.testng.TestNG.runSuites(TestNG.java:1063)
at org.testng.TestNG.run(TestNG.java:1031)
at org.testng.remote.AbstractRemoteTestNG.run(AbstractRemoteTestNG.java:115)
at org.testng.remote.RemoteTestNG.initAndRun(RemoteTestNG.java:251)
at org.testng.remote.RemoteTestNG.main(RemoteTestNG.java:77)
]]>
            </full-stacktrace>
          </exception> <!-- org.openqa.selenium.TimeoutException -->
          <reporter-output>
          </reporter-output>
        </test-method> <!-- selectMyProfile -->
        <test-method status="PASS" signature="tearDown()[pri:0, instance:com.training.test.myprofile.MyProfileTest@23fe1d71]" name="tearDown" is-config="true" duration-ms="227" started-at="2021-10-10T19:16:43 PDT" finished-at="2021-10-10T19:16:43 PDT">
          <reporter-output>
          </reporter-output>
        </test-method> <!-- tearDown -->
      </class> <!-- com.training.test.myprofile.MyProfileTest -->
      <class name="com.training.test.mysettings.MySettingsTest">
        <test-method status="PASS" signature="beforeMethod()[pri:0, instance:com.training.test.mysettings.MySettingsTest@8e24743]" name="beforeMethod" is-config="true" duration-ms="4069" started-at="2021-10-10T19:14:45 PDT" finished-at="2021-10-10T19:14:49 PDT">
          <reporter-output>
          </reporter-output>
        </test-method> <!-- beforeMethod -->
        <test-method status="PASS" signature="selectMySettings()[pri:0, instance:com.training.test.mysettings.MySettingsTest@8e24743]" name="selectMySettings" duration-ms="34041" started-at="2021-10-10T19:14:49 PDT" finished-at="2021-10-10T19:15:23 PDT">
          <reporter-output>
          </reporter-output>
        </test-method> <!-- selectMySettings -->
        <test-method status="FAIL" signature="tearDown()[pri:0, instance:com.training.test.mysettings.MySettingsTest@8e24743]" name="tearDown" is-config="true" duration-ms="13" started-at="2021-10-10T19:15:23 PDT" finished-at="2021-10-10T19:15:23 PDT">
          <exception class="org.openqa.selenium.NoSuchWindowException">
            <message>
              <![CDATA[no such window: target window already closed
from unknown error: web view not found
  (Session info: chrome=94.0.4606.81)
Build info: version: '3.141.59', revision: 'e82be7d358', time: '2018-11-14T08:17:03'
System info: host: 'MEENAS-LENOVO', ip: '192.168.0.28', os.name: 'Windows 10', os.arch: 'amd64', os.version: '10.0', java.version: '1.8.0_131'
Driver info: org.openqa.selenium.chrome.ChromeDriver
Capabilities {acceptInsecureCerts: false, browserName: chrome, browserVersion: 94.0.4606.81, chrome: {chromedriverVersion: 94.0.4606.61 (418b78f5838ed..., userDataDir: C:\Users\meena\AppData\Loca...}, goog:chromeOptions: {debuggerAddress: localhost:51473}, javascriptEnabled: true, networkConnectionEnabled: false, pageLoadStrategy: normal, platform: WINDOWS, platformName: WINDOWS, proxy: Proxy(), setWindowRect: true, strictFileInteractability: false, timeouts: {implicit: 0, pageLoad: 300000, script: 30000}, unhandledPromptBehavior: dismiss and notify, webauthn:extension:credBlob: true, webauthn:extension:largeBlob: true, webauthn:virtualAuthenticators: true}
Session ID: f599240995ea7f3d24a50e3d191bcf82]]>
            </message>
            <full-stacktrace>
              <![CDATA[org.openqa.selenium.NoSuchWindowException: no such window: target window already closed
from unknown error: web view not found
  (Session info: chrome=94.0.4606.81)
Build info: version: '3.141.59', revision: 'e82be7d358', time: '2018-11-14T08:17:03'
System info: host: 'MEENAS-LENOVO', ip: '192.168.0.28', os.name: 'Windows 10', os.arch: 'amd64', os.version: '10.0', java.version: '1.8.0_131'
Driver info: org.openqa.selenium.chrome.ChromeDriver
Capabilities {acceptInsecureCerts: false, browserName: chrome, browserVersion: 94.0.4606.81, chrome: {chromedriverVersion: 94.0.4606.61 (418b78f5838ed..., userDataDir: C:\Users\meena\AppData\Loca...}, goog:chromeOptions: {debuggerAddress: localhost:51473}, javascriptEnabled: true, networkConnectionEnabled: false, pageLoadStrategy: normal, platform: WINDOWS, platformName: WINDOWS, proxy: Proxy(), setWindowRect: true, strictFileInteractability: false, timeouts: {implicit: 0, pageLoad: 300000, script: 30000}, unhandledPromptBehavior: dismiss and notify, webauthn:extension:credBlob: true, webauthn:extension:largeBlob: true, webauthn:virtualAuthenticators: true}
Session ID: f599240995ea7f3d24a50e3d191bcf82
at sun.reflect.NativeConstructorAccessorImpl.newInstance0(Native Method)
at sun.reflect.NativeConstructorAccessorImpl.newInstance(NativeConstructorAccessorImpl.java:62)
at sun.reflect.DelegatingConstructorAccessorImpl.newInstance(DelegatingConstructorAccessorImpl.java:45)
at java.lang.reflect.Constructor.newInstance(Constructor.java:423)
at org.openqa.selenium.remote.http.W3CHttpResponseCodec.createException(W3CHttpResponseCodec.java:187)
at org.openqa.selenium.remote.http.W3CHttpResponseCodec.decode(W3CHttpResponseCodec.java:122)
at org.openqa.selenium.remote.http.W3CHttpResponseCodec.decode(W3CHttpResponseCodec.java:49)
at org.openqa.selenium.remote.HttpCommandExecutor.execute(HttpCommandExecutor.java:158)
at org.openqa.selenium.remote.service.DriverCommandExecutor.execute(DriverCommandExecutor.java:83)
at org.openqa.selenium.remote.RemoteWebDriver.execute(RemoteWebDriver.java:552)
at org.openqa.selenium.remote.RemoteWebDriver.execute(RemoteWebDriver.java:609)
at org.openqa.selenium.remote.RemoteWebDriver.close(RemoteWebDriver.java:442)
at com.training.test.mysettings.MySettingsTest.tearDown(MySettingsTest.java:133)
at sun.reflect.NativeMethodAccessorImpl.invoke0(Native Method)
at sun.reflect.NativeMethodAccessorImpl.invoke(NativeMethodAccessorImpl.java:62)
at sun.reflect.DelegatingMethodAccessorImpl.invoke(DelegatingMethodAccessorImpl.java:43)
at java.lang.reflect.Method.invoke(Method.java:498)
at org.testng.internal.MethodInvocationHelper.invokeMethod(MethodInvocationHelper.java:133)
at org.testng.internal.MethodInvocationHelper.invokeMethodConsideringTimeout(MethodInvocationHelper.java:62)
at org.testng.internal.ConfigInvoker.invokeConfigurationMethod(ConfigInvoker.java:385)
at org.testng.internal.ConfigInvoker.invokeConfigurations(ConfigInvoker.java:321)
at org.testng.internal.TestInvoker.runConfigMethods(TestInvoker.java:700)
at org.testng.internal.TestInvoker.runAfterGroupsConfigurations(TestInvoker.java:676)
at org.testng.internal.TestInvoker.invokeMethod(TestInvoker.java:660)
at org.testng.internal.TestInvoker.invokeTestMethod(TestInvoker.java:173)
at org.testng.internal.MethodRunner.runInSequence(MethodRunner.java:46)
at org.testng.internal.TestInvoker$MethodInvocationAgent.invoke(TestInvoker.java:824)
at org.testng.internal.TestInvoker.invokeTestMethods(TestInvoker.java:146)
at org.testng.internal.TestMethodWorker.invokeTestMethods(TestMethodWorker.java:146)
at org.testng.internal.TestMethodWorker.run(TestMethodWorker.java:128)
at java.util.ArrayList.forEach(ArrayList.java:1249)
at org.testng.TestRunner.privateRun(TestRunner.java:794)
at org.testng.TestRunner.run(TestRunner.java:596)
at org.testng.SuiteRunner.runTest(SuiteRunner.java:377)
at org.testng.SuiteRunner.runSequentially(SuiteRunner.java:371)
at org.testng.SuiteRunner.privateRun(SuiteRunner.java:332)
at org.testng.SuiteRunner.run(SuiteRunner.java:276)
at org.testng.SuiteRunnerWorker.runSuite(SuiteRunnerWorker.java:53)
at org.testng.SuiteRunnerWorker.run(SuiteRunnerWorker.java:96)
at org.testng.TestNG.runSuitesSequentially(TestNG.java:1212)
at org.testng.TestNG.runSuitesLocally(TestNG.java:1134)
at org.testng.TestNG.runSuites(TestNG.java:1063)
at org.testng.TestNG.run(TestNG.java:1031)
at org.testng.remote.AbstractRemoteTestNG.run(AbstractRemoteTestNG.java:115)
at org.testng.remote.RemoteTestNG.initAndRun(RemoteTestNG.java:251)
at org.testng.remote.RemoteTestNG.main(RemoteTestNG.java:77)
]]>
            </full-stacktrace>
          </exception> <!-- org.openqa.selenium.NoSuchWindowException -->
          <reporter-output>
          </reporter-output>
        </test-method> <!-- tearDown -->
      </class> <!-- com.training.test.mysettings.MySettingsTest -->
      <class name="com.training.test.opportunities.OpportunitiesTest">
        <test-method status="PASS" signature="beforeMethod()[pri:0, instance:com.training.test.opportunities.OpportunitiesTest@4e718207]" name="beforeMethod" is-config="true" duration-ms="15310" started-at="2021-10-10T19:21:24 PDT" finished-at="2021-10-10T19:21:40 PDT">
          <reporter-output>
          </reporter-output>
        </test-method> <!-- beforeMethod -->
        <test-method status="PASS" signature="createOpportunity()[pri:0, instance:com.training.test.opportunities.OpportunitiesTest@4e718207]" name="createOpportunity" duration-ms="7319" started-at="2021-10-10T19:21:40 PDT" finished-at="2021-10-10T19:21:47 PDT">
          <reporter-output>
          </reporter-output>
        </test-method> <!-- createOpportunity -->
        <test-method status="PASS" signature="tearDown()[pri:0, instance:com.training.test.opportunities.OpportunitiesTest@4e718207]" name="tearDown" is-config="true" duration-ms="205" started-at="2021-10-10T19:21:47 PDT" finished-at="2021-10-10T19:21:47 PDT">
          <reporter-output>
          </reporter-output>
        </test-method> <!-- tearDown -->
        <test-method status="PASS" signature="beforeMethod()[pri:0, instance:com.training.test.opportunities.OpportunitiesTest@4e718207]" name="beforeMethod" is-config="true" duration-ms="16824" started-at="2021-10-10T19:21:47 PDT" finished-at="2021-10-10T19:22:04 PDT">
          <reporter-output>
          </reporter-output>
        </test-method> <!-- beforeMethod -->
        <test-method status="PASS" signature="opportunitiesDropDown()[pri:0, instance:com.training.test.opportunities.OpportunitiesTest@4e718207]" name="opportunitiesDropDown" duration-ms="360" started-at="2021-10-10T19:22:04 PDT" finished-at="2021-10-10T19:22:04 PDT">
          <reporter-output>
          </reporter-output>
        </test-method> <!-- opportunitiesDropDown -->
        <test-method status="PASS" signature="tearDown()[pri:0, instance:com.training.test.opportunities.OpportunitiesTest@4e718207]" name="tearDown" is-config="true" duration-ms="192" started-at="2021-10-10T19:22:04 PDT" finished-at="2021-10-10T19:22:05 PDT">
          <reporter-output>
          </reporter-output>
        </test-method> <!-- tearDown -->
        <test-method status="PASS" signature="beforeMethod()[pri:0, instance:com.training.test.opportunities.OpportunitiesTest@4e718207]" name="beforeMethod" is-config="true" duration-ms="15939" started-at="2021-10-10T19:22:05 PDT" finished-at="2021-10-10T19:22:21 PDT">
          <reporter-output>
          </reporter-output>
        </test-method> <!-- beforeMethod -->
        <test-method status="PASS" signature="pipelineReport()[pri:0, instance:com.training.test.opportunities.OpportunitiesTest@4e718207]" name="pipelineReport" duration-ms="2356" started-at="2021-10-10T19:22:21 PDT" finished-at="2021-10-10T19:22:23 PDT">
          <reporter-output>
          </reporter-output>
        </test-method> <!-- pipelineReport -->
        <test-method status="PASS" signature="tearDown()[pri:0, instance:com.training.test.opportunities.OpportunitiesTest@4e718207]" name="tearDown" is-config="true" duration-ms="868" started-at="2021-10-10T19:22:23 PDT" finished-at="2021-10-10T19:22:24 PDT">
          <reporter-output>
          </reporter-output>
        </test-method> <!-- tearDown -->
        <test-method status="PASS" signature="beforeMethod()[pri:0, instance:com.training.test.opportunities.OpportunitiesTest@4e718207]" name="beforeMethod" is-config="true" duration-ms="29239" started-at="2021-10-10T19:22:24 PDT" finished-at="2021-10-10T19:22:53 PDT">
          <reporter-output>
          </reporter-output>
        </test-method> <!-- beforeMethod -->
        <test-method status="PASS" signature="quarterlySummaryReport()[pri:0, instance:com.training.test.opportunities.OpportunitiesTest@4e718207]" name="quarterlySummaryReport" duration-ms="1424" started-at="2021-10-10T19:22:53 PDT" finished-at="2021-10-10T19:22:54 PDT">
          <reporter-output>
          </reporter-output>
        </test-method> <!-- quarterlySummaryReport -->
        <test-method status="PASS" signature="tearDown()[pri:0, instance:com.training.test.opportunities.OpportunitiesTest@4e718207]" name="tearDown" is-config="true" duration-ms="4164" started-at="2021-10-10T19:22:54 PDT" finished-at="2021-10-10T19:22:59 PDT">
          <reporter-output>
          </reporter-output>
        </test-method> <!-- tearDown -->
        <test-method status="PASS" signature="beforeMethod()[pri:0, instance:com.training.test.opportunities.OpportunitiesTest@4e718207]" name="beforeMethod" is-config="true" duration-ms="17065" started-at="2021-10-10T19:22:59 PDT" finished-at="2021-10-10T19:23:16 PDT">
          <reporter-output>
          </reporter-output>
        </test-method> <!-- beforeMethod -->
        <test-method status="PASS" signature="stuckOpportunities()[pri:0, instance:com.training.test.opportunities.OpportunitiesTest@4e718207]" name="stuckOpportunities" duration-ms="4033" started-at="2021-10-10T19:23:16 PDT" finished-at="2021-10-10T19:23:20 PDT">
          <reporter-output>
          </reporter-output>
        </test-method> <!-- stuckOpportunities -->
        <test-method status="PASS" signature="tearDown()[pri:0, instance:com.training.test.opportunities.OpportunitiesTest@4e718207]" name="tearDown" is-config="true" duration-ms="127" started-at="2021-10-10T19:23:20 PDT" finished-at="2021-10-10T19:23:20 PDT">
          <reporter-output>
          </reporter-output>
        </test-method> <!-- tearDown -->
      </class> <!-- com.training.test.opportunities.OpportunitiesTest -->
      <class name="com.training.test.leads.LeadsTest">
        <test-method status="PASS" signature="beforeMethod()[pri:0, instance:com.training.test.leads.LeadsTest@1d371b2d]" name="beforeMethod" is-config="true" duration-ms="16815" started-at="2021-10-10T19:23:20 PDT" finished-at="2021-10-10T19:23:37 PDT">
          <reporter-output>
          </reporter-output>
        </test-method> <!-- beforeMethod -->
        <test-method status="PASS" signature="createNewLeads()[pri:0, instance:com.training.test.leads.LeadsTest@1d371b2d]" name="createNewLeads" duration-ms="5745" started-at="2021-10-10T19:23:37 PDT" finished-at="2021-10-10T19:23:42 PDT">
          <reporter-output>
          </reporter-output>
        </test-method> <!-- createNewLeads -->
        <test-method status="PASS" signature="tearDown()[pri:0, instance:com.training.test.leads.LeadsTest@1d371b2d]" name="tearDown" is-config="true" duration-ms="1199" started-at="2021-10-10T19:23:42 PDT" finished-at="2021-10-10T19:23:44 PDT">
          <reporter-output>
          </reporter-output>
        </test-method> <!-- tearDown -->
        <test-method status="PASS" signature="beforeMethod()[pri:0, instance:com.training.test.leads.LeadsTest@1d371b2d]" name="beforeMethod" is-config="true" duration-ms="18453" started-at="2021-10-10T19:23:44 PDT" finished-at="2021-10-10T19:24:02 PDT">
          <reporter-output>
          </reporter-output>
        </test-method> <!-- beforeMethod -->
        <test-method status="PASS" signature="goFunctionality()[pri:0, instance:com.training.test.leads.LeadsTest@1d371b2d]" name="goFunctionality" duration-ms="9665" started-at="2021-10-10T19:24:02 PDT" finished-at="2021-10-10T19:24:12 PDT">
          <reporter-output>
          </reporter-output>
        </test-method> <!-- goFunctionality -->
        <test-method status="PASS" signature="tearDown()[pri:0, instance:com.training.test.leads.LeadsTest@1d371b2d]" name="tearDown" is-config="true" duration-ms="1070" started-at="2021-10-10T19:24:12 PDT" finished-at="2021-10-10T19:24:13 PDT">
          <reporter-output>
          </reporter-output>
        </test-method> <!-- tearDown -->
        <test-method status="PASS" signature="beforeMethod()[pri:0, instance:com.training.test.leads.LeadsTest@1d371b2d]" name="beforeMethod" is-config="true" duration-ms="14224" started-at="2021-10-10T19:24:13 PDT" finished-at="2021-10-10T19:24:27 PDT">
          <reporter-output>
          </reporter-output>
        </test-method> <!-- beforeMethod -->
        <test-method status="PASS" signature="leadsHomePage()[pri:0, instance:com.training.test.leads.LeadsTest@1d371b2d]" name="leadsHomePage" duration-ms="32" started-at="2021-10-10T19:24:27 PDT" finished-at="2021-10-10T19:24:27 PDT">
          <reporter-output>
          </reporter-output>
        </test-method> <!-- leadsHomePage -->
        <test-method status="PASS" signature="tearDown()[pri:0, instance:com.training.test.leads.LeadsTest@1d371b2d]" name="tearDown" is-config="true" duration-ms="963" started-at="2021-10-10T19:24:27 PDT" finished-at="2021-10-10T19:24:28 PDT">
          <reporter-output>
          </reporter-output>
        </test-method> <!-- tearDown -->
        <test-method status="PASS" signature="beforeMethod()[pri:0, instance:com.training.test.leads.LeadsTest@1d371b2d]" name="beforeMethod" is-config="true" duration-ms="32790" started-at="2021-10-10T19:24:28 PDT" finished-at="2021-10-10T19:25:01 PDT">
          <reporter-output>
          </reporter-output>
        </test-method> <!-- beforeMethod -->
        <test-method status="PASS" signature="selectViewDropDown()[pri:0, instance:com.training.test.leads.LeadsTest@1d371b2d]" name="selectViewDropDown" duration-ms="3068" started-at="2021-10-10T19:25:01 PDT" finished-at="2021-10-10T19:25:04 PDT">
          <reporter-output>
          </reporter-output>
        </test-method> <!-- selectViewDropDown -->
        <test-method status="PASS" signature="tearDown()[pri:0, instance:com.training.test.leads.LeadsTest@1d371b2d]" name="tearDown" is-config="true" duration-ms="1274" started-at="2021-10-10T19:25:04 PDT" finished-at="2021-10-10T19:25:05 PDT">
          <reporter-output>
          </reporter-output>
        </test-method> <!-- tearDown -->
        <test-method status="PASS" signature="beforeMethod()[pri:0, instance:com.training.test.leads.LeadsTest@1d371b2d]" name="beforeMethod" is-config="true" duration-ms="19152" started-at="2021-10-10T19:25:05 PDT" finished-at="2021-10-10T19:25:24 PDT">
          <reporter-output>
          </reporter-output>
        </test-method> <!-- beforeMethod -->
        <test-method status="PASS" signature="todaysLeads()[pri:0, instance:com.training.test.leads.LeadsTest@1d371b2d]" name="todaysLeads" duration-ms="1784" started-at="2021-10-10T19:25:24 PDT" finished-at="2021-10-10T19:25:26 PDT">
          <reporter-output>
          </reporter-output>
        </test-method> <!-- todaysLeads -->
        <test-method status="PASS" signature="tearDown()[pri:0, instance:com.training.test.leads.LeadsTest@1d371b2d]" name="tearDown" is-config="true" duration-ms="1039" started-at="2021-10-10T19:25:26 PDT" finished-at="2021-10-10T19:25:27 PDT">
          <reporter-output>
          </reporter-output>
        </test-method> <!-- tearDown -->
      </class> <!-- com.training.test.leads.LeadsTest -->
    </test> <!-- Test -->
  </suite> <!-- Suite -->
</testng-results>
